TN:
SF:scripts/codex-review-gate-logic.mjs
FN:35,evaluateCodexReview
FN:109,isAncestorWithMergesOnly
FN:139,runGeneration
FN:150,compareGenerations
FN:163,isStaleWrite
FN:174,isStaleHead
FN:198,needsWriteReconciliation
FN:274,reconcileCanonicalCheckRuns
FN:297,buildCanonicalCheckRunPayload
FN:363,isPrReconcilable
FN:373,deriveCanonicalTarget
FN:385,checkRunMatchesTarget
FN:401,planReconciliation
FNF:13
FNH:13
FNDA:4,evaluateCodexReview
FNDA:4,isAncestorWithMergesOnly
FNDA:38,runGeneration
FNDA:16,compareGenerations
FNDA:15,isStaleWrite
FNDA:7,isStaleHead
FNDA:4,needsWriteReconciliation
FNDA:4,reconcileCanonicalCheckRuns
FNDA:7,buildCanonicalCheckRunPayload
FNDA:3,isPrReconcilable
FNDA:10,deriveCanonicalTarget
FNDA:10,checkRunMatchesTarget
FNDA:8,planReconciliation
DA:1,1
DA:2,1
DA:3,1
DA:4,1
DA:5,1
DA:6,1
DA:7,1
DA:8,1
DA:9,1
DA:10,1
DA:11,1
DA:12,1
DA:13,1
DA:14,1
DA:15,1
DA:16,1
DA:17,1
DA:18,1
DA:19,1
DA:20,1
DA:21,1
DA:22,1
DA:23,1
DA:24,1
DA:25,1
DA:26,1
DA:27,1
DA:28,1
DA:29,1
DA:30,1
DA:31,1
DA:32,1
DA:33,1
DA:34,1
DA:35,1
DA:36,4
DA:37,4
DA:38,4
DA:39,4
DA:40,4
DA:41,4
DA:42,4
DA:43,4
DA:44,4
DA:45,4
DA:46,4
DA:47,4
DA:48,4
DA:49,4
DA:50,4
DA:51,4
DA:52,4
DA:53,4
DA:54,4
DA:55,4
DA:56,4
DA:57,4
DA:58,4
DA:59,2
DA:60,2
DA:61,2
DA:62,2
DA:63,2
DA:64,1
DA:65,4
DA:66,4
DA:67,4
DA:68,4
DA:69,4
DA:70,4
DA:71,1
DA:72,1
DA:73,1
DA:74,4
DA:75,4
DA:76,4
DA:77,4
DA:78,4
DA:79,4
DA:80,4
DA:81,4
DA:82,4
DA:83,4
DA:84,4
DA:85,4
DA:86,4
DA:87,4
DA:88,4
DA:89,4
DA:90,4
DA:91,4
DA:92,1
DA:93,1
DA:94,1
DA:95,1
DA:96,1
DA:97,1
DA:98,1
DA:99,1
DA:100,1
DA:101,1
DA:102,1
DA:103,1
DA:104,1
DA:105,1
DA:106,1
DA:107,1
DA:108,1
DA:109,1
DA:110,4
DA:111,4
DA:112,1
DA:113,1
DA:114,1
DA:115,1
DA:116,1
DA:117,1
DA:118,1
DA:119,1
DA:120,1
DA:121,1
DA:122,1
DA:123,1
DA:124,1
DA:125,1
DA:126,1
DA:127,1
DA:128,1
DA:129,1
DA:130,1
DA:131,1
DA:132,1
DA:133,1
DA:134,1
DA:135,1
DA:136,1
DA:137,1
DA:138,1
DA:139,1
DA:140,38
DA:141,38
DA:142,38
DA:143,1
DA:144,1
DA:145,1
DA:146,1
DA:147,1
DA:148,1
DA:149,1
DA:150,16
DA:151,16
DA:152,16
DA:153,16
DA:154,16
DA:155,16
DA:156,1
DA:157,1
DA:158,1
DA:159,1
DA:160,1
DA:161,1
DA:162,1
DA:163,1
DA:164,15
DA:165,15
DA:166,10
DA:167,15
DA:168,1
DA:169,1
DA:170,1
DA:171,1
DA:172,1
DA:173,1
DA:174,1
DA:175,7
DA:176,7
DA:177,7
DA:178,1
DA:179,1
DA:180,1
DA:181,1
DA:182,1
DA:183,1
DA:184,1
DA:185,1
DA:186,1
DA:187,1
DA:188,1
DA:189,1
DA:190,1
DA:191,1
DA:192,1
DA:193,1
DA:194,1
DA:195,1
DA:196,1
DA:197,1
DA:198,1
DA:199,4
DA:200,4
DA:201,3
DA:202,4
DA:203,1
DA:204,1
DA:205,1
DA:206,1
DA:207,1
DA:208,1
DA:209,1
DA:210,1
DA:211,1
DA:212,1
DA:213,1
DA:214,1
DA:215,1
DA:216,1
DA:217,1
DA:218,1
DA:219,1
DA:220,1
DA:221,1
DA:222,1
DA:223,1
DA:224,1
DA:225,1
DA:226,1
DA:227,1
DA:228,1
DA:229,1
DA:230,1
DA:231,1
DA:232,1
DA:233,1
DA:234,1
DA:235,1
DA:236,1
DA:237,1
DA:238,1
DA:239,1
DA:240,1
DA:241,1
DA:242,1
DA:243,1
DA:244,1
DA:245,1
DA:246,1
DA:247,1
DA:248,1
DA:249,1
DA:250,1
DA:251,1
DA:252,1
DA:253,1
DA:254,1
DA:255,1
DA:256,1
DA:257,1
DA:258,1
DA:259,1
DA:260,1
DA:261,1
DA:262,1
DA:263,1
DA:264,1
DA:265,1
DA:266,1
DA:267,1
DA:268,1
DA:269,1
DA:270,1
DA:271,1
DA:272,1
DA:273,1
DA:274,1
DA:275,4
DA:276,4
DA:277,4
DA:278,1
DA:279,1
DA:280,3
DA:281,3
DA:282,3
DA:283,3
DA:284,3
DA:285,3
DA:286,4
DA:287,4
DA:288,1
DA:289,1
DA:290,1
DA:291,1
DA:292,1
DA:293,1
DA:294,1
DA:295,1
DA:296,1
DA:297,1
DA:298,7
DA:299,7
DA:300,7
DA:301,7
DA:302,7
DA:303,7
DA:304,7
DA:305,7
DA:306,7
DA:307,7
DA:308,7
DA:309,7
DA:310,7
DA:311,7
DA:312,7
DA:313,7
DA:314,7
DA:315,7
DA:316,7
DA:317,7
DA:318,7
DA:319,7
DA:320,7
DA:321,7
DA:322,7
DA:323,7
DA:324,7
DA:325,7
DA:326,2
DA:327,2
DA:328,7
DA:329,5
DA:330,5
DA:331,7
DA:332,7
DA:333,7
DA:334,1
DA:335,1
DA:336,1
DA:337,1
DA:338,1
DA:339,1
DA:340,1
DA:341,1
DA:342,1
DA:343,1
DA:344,1
DA:345,1
DA:346,1
DA:347,1
DA:348,1
DA:349,1
DA:350,1
DA:351,1
DA:352,1
DA:353,1
DA:354,1
DA:355,1
DA:356,1
DA:357,1
DA:358,1
DA:359,1
DA:360,1
DA:361,1
DA:362,1
DA:363,1
DA:364,3
DA:365,2
DA:366,3
DA:367,1
DA:368,1
DA:369,1
DA:370,1
DA:371,1
DA:372,1
DA:373,1
DA:374,10
DA:375,10
DA:376,10
DA:377,10
DA:378,1
DA:379,1
DA:380,1
DA:381,1
DA:382,1
DA:383,1
DA:384,1
DA:385,1
DA:386,10
DA:387,10
DA:388,10
DA:389,10
DA:390,1
DA:391,1
DA:392,1
DA:393,1
DA:394,1
DA:395,1
DA:396,1
DA:397,1
DA:398,1
DA:399,1
DA:400,1
DA:401,1
DA:402,8
DA:403,8
DA:404,8
DA:405,8
DA:406,8
DA:407,8
DA:408,8
DA:409,8
DA:410,8
DA:411,8
DA:412,8
LF:412
LH:412
BRDA:1,0,0,1
BRDA:35,1,0,4
BRDA:42,2,0,0
BRDA:70,3,0,1
BRDA:75,4,0,1
BRDA:75,5,0,3
BRDA:76,6,0,2
BRDA:76,7,0,2
BRDA:79,8,0,2
BRDA:80,9,0,2
BRDA:47,10,0,1
BRDA:52,11,0,2
BRDA:58,12,0,2
BRDA:59,13,0,0
BRDA:60,14,0,0
BRDA:62,15,0,1
BRDA:64,16,0,1
BRDA:68,17,0,1
BRDA:68,18,0,0
BRDA:109,19,0,4
BRDA:110,20,0,2
BRDA:139,21,0,38
BRDA:140,22,0,0
BRDA:150,23,0,16
BRDA:153,24,0,12
BRDA:154,25,0,4
BRDA:154,26,0,0
BRDA:154,27,0,0
BRDA:163,28,0,15
BRDA:164,29,0,0
BRDA:165,30,0,5
BRDA:166,31,0,10
BRDA:174,32,0,7
BRDA:175,33,0,0
BRDA:198,34,0,4
BRDA:199,35,0,0
BRDA:200,36,0,1
BRDA:201,37,0,3
BRDA:274,38,0,4
BRDA:275,39,0,0
BRDA:277,40,0,1
BRDA:280,41,0,3
BRDA:282,42,0,0
BRDA:282,43,0,0
BRDA:283,44,0,1
BRDA:283,45,0,0
BRDA:283,46,0,2
BRDA:286,47,0,0
BRDA:276,48,0,7
BRDA:285,49,0,6
BRDA:285,50,0,3
BRDA:297,51,0,7
BRDA:305,52,0,0
BRDA:306,53,0,0
BRDA:314,54,0,2
BRDA:314,55,0,5
BRDA:315,56,0,2
BRDA:315,57,0,5
BRDA:323,58,0,5
BRDA:325,59,0,2
BRDA:328,60,0,5
BRDA:363,61,0,3
BRDA:364,62,0,1
BRDA:365,63,0,2
BRDA:373,64,0,10
BRDA:375,65,0,7
BRDA:376,66,0,3
BRDA:385,67,0,10
BRDA:386,68,0,0
BRDA:387,69,0,5
BRDA:388,70,0,4
BRDA:388,71,0,0
BRDA:401,72,0,8
BRDA:407,73,0,0
BRDA:409,74,0,9
BRDA:410,75,0,9
BRDA:410,76,0,6
BRDA:411,77,0,9
BRF:78
BRH:58
end_of_record
TN:
SF:scripts/generate-pdfs.mjs
FN:1,(empty-report)
FNF:1
FNH:0
FNDA:0,(empty-report)
DA:1,0
DA:2,0
DA:3,0
DA:4,0
DA:5,0
DA:6,0
DA:7,0
DA:8,0
DA:9,0
DA:10,0
DA:11,0
DA:12,0
DA:13,0
DA:14,0
DA:15,0
DA:16,0
DA:17,0
DA:18,0
DA:19,0
DA:20,0
DA:21,0
DA:22,0
DA:23,0
DA:24,0
DA:25,0
DA:26,0
DA:27,0
DA:28,0
DA:29,0
DA:30,0
DA:31,0
DA:32,0
DA:33,0
DA:34,0
DA:35,0
DA:36,0
DA:37,0
DA:38,0
DA:39,0
DA:40,0
DA:41,0
DA:42,0
DA:43,0
DA:44,0
DA:45,0
DA:46,0
DA:47,0
DA:48,0
DA:49,0
DA:50,0
DA:51,0
DA:52,0
DA:53,0
DA:54,0
DA:55,0
DA:56,0
DA:57,0
DA:58,0
DA:59,0
DA:60,0
DA:61,0
DA:62,0
DA:63,0
DA:64,0
DA:65,0
DA:66,0
DA:67,0
DA:68,0
DA:69,0
DA:70,0
DA:71,0
DA:72,0
DA:73,0
DA:74,0
DA:75,0
DA:76,0
DA:77,0
DA:78,0
DA:79,0
DA:80,0
DA:81,0
DA:82,0
DA:83,0
DA:84,0
DA:85,0
DA:86,0
DA:87,0
DA:88,0
DA:89,0
DA:90,0
DA:91,0
DA:92,0
DA:93,0
DA:94,0
DA:95,0
DA:96,0
DA:97,0
DA:98,0
DA:99,0
DA:100,0
DA:101,0
DA:102,0
DA:103,0
DA:104,0
DA:105,0
DA:106,0
DA:107,0
DA:108,0
DA:109,0
DA:110,0
DA:111,0
DA:112,0
DA:113,0
DA:114,0
DA:115,0
DA:116,0
DA:117,0
LF:117
LH:0
BRDA:1,0,0,0
BRF:1
BRH:0
end_of_record
TN:
SF:scripts/generate-price-lists.mjs
FN:1,(empty-report)
FNF:1
FNH:0
FNDA:0,(empty-report)
DA:1,0
DA:2,0
DA:3,0
DA:4,0
DA:5,0
DA:6,0
DA:7,0
DA:8,0
DA:9,0
DA:10,0
DA:11,0
DA:12,0
DA:13,0
DA:14,0
DA:15,0
DA:16,0
DA:17,0
DA:18,0
DA:19,0
DA:20,0
DA:21,0
DA:22,0
DA:23,0
DA:24,0
DA:25,0
DA:26,0
DA:27,0
DA:28,0
DA:29,0
DA:30,0
DA:31,0
DA:32,0
DA:33,0
DA:34,0
DA:35,0
DA:36,0
DA:37,0
DA:38,0
DA:39,0
DA:40,0
DA:41,0
DA:42,0
DA:43,0
DA:44,0
DA:45,0
DA:46,0
DA:47,0
DA:48,0
DA:49,0
DA:50,0
DA:51,0
DA:52,0
DA:53,0
DA:54,0
DA:55,0
DA:56,0
DA:57,0
DA:58,0
DA:59,0
DA:60,0
DA:61,0
DA:62,0
DA:63,0
DA:64,0
DA:65,0
DA:66,0
DA:67,0
DA:68,0
DA:69,0
DA:70,0
DA:71,0
DA:72,0
DA:73,0
DA:74,0
DA:75,0
DA:76,0
DA:77,0
DA:78,0
DA:79,0
DA:80,0
DA:81,0
DA:82,0
DA:83,0
DA:84,0
DA:85,0
DA:86,0
DA:87,0
DA:88,0
DA:89,0
DA:90,0
DA:91,0
DA:92,0
DA:93,0
DA:94,0
DA:95,0
DA:96,0
DA:97,0
DA:98,0
DA:99,0
DA:100,0
DA:101,0
DA:102,0
DA:103,0
DA:104,0
DA:105,0
DA:106,0
DA:107,0
DA:108,0
DA:109,0
DA:110,0
DA:111,0
DA:112,0
DA:113,0
DA:114,0
DA:115,0
DA:116,0
DA:117,0
DA:118,0
DA:119,0
DA:120,0
DA:121,0
DA:122,0
DA:123,0
DA:124,0
DA:125,0
DA:126,0
DA:127,0
DA:128,0
DA:129,0
DA:130,0
DA:131,0
DA:132,0
DA:133,0
DA:134,0
DA:135,0
DA:136,0
DA:137,0
DA:138,0
DA:139,0
DA:140,0
DA:141,0
DA:142,0
DA:143,0
DA:144,0
DA:145,0
DA:146,0
DA:147,0
DA:148,0
DA:149,0
DA:150,0
DA:151,0
DA:152,0
DA:153,0
DA:154,0
DA:155,0
DA:156,0
DA:157,0
DA:158,0
DA:159,0
DA:160,0
DA:161,0
DA:162,0
DA:163,0
DA:164,0
DA:165,0
DA:166,0
DA:167,0
DA:168,0
DA:169,0
DA:170,0
DA:171,0
DA:172,0
DA:173,0
DA:174,0
DA:175,0
DA:176,0
DA:177,0
DA:178,0
DA:179,0
DA:180,0
DA:181,0
DA:182,0
DA:183,0
DA:184,0
DA:185,0
DA:186,0
DA:187,0
DA:188,0
DA:189,0
DA:190,0
DA:191,0
DA:192,0
DA:193,0
DA:194,0
DA:195,0
DA:196,0
DA:197,0
DA:198,0
DA:199,0
DA:200,0
DA:201,0
DA:202,0
DA:203,0
DA:204,0
DA:205,0
DA:206,0
DA:207,0
DA:208,0
DA:209,0
DA:210,0
DA:211,0
DA:212,0
DA:213,0
DA:214,0
DA:215,0
DA:216,0
DA:217,0
DA:218,0
DA:219,0
DA:220,0
DA:221,0
DA:222,0
DA:223,0
DA:224,0
DA:225,0
DA:226,0
DA:227,0
DA:228,0
DA:229,0
DA:230,0
DA:231,0
DA:232,0
DA:233,0
DA:234,0
DA:235,0
DA:236,0
DA:237,0
DA:238,0
DA:239,0
DA:240,0
DA:241,0
DA:242,0
DA:243,0
DA:244,0
DA:245,0
DA:246,0
DA:247,0
DA:248,0
DA:249,0
DA:250,0
DA:251,0
DA:252,0
DA:253,0
DA:254,0
DA:255,0
DA:256,0
DA:257,0
DA:258,0
DA:259,0
DA:260,0
DA:261,0
DA:262,0
DA:263,0
DA:264,0
DA:265,0
DA:266,0
DA:267,0
DA:268,0
DA:269,0
DA:270,0
DA:271,0
DA:272,0
DA:273,0
DA:274,0
DA:275,0
DA:276,0
DA:277,0
DA:278,0
DA:279,0
DA:280,0
DA:281,0
DA:282,0
DA:283,0
DA:284,0
DA:285,0
DA:286,0
DA:287,0
DA:288,0
DA:289,0
DA:290,0
DA:291,0
DA:292,0
DA:293,0
DA:294,0
DA:295,0
DA:296,0
DA:297,0
DA:298,0
DA:299,0
DA:300,0
DA:301,0
DA:302,0
DA:303,0
DA:304,0
DA:305,0
DA:306,0
DA:307,0
DA:308,0
DA:309,0
DA:310,0
DA:311,0
DA:312,0
DA:313,0
DA:314,0
DA:315,0
DA:316,0
DA:317,0
DA:318,0
DA:319,0
DA:320,0
DA:321,0
DA:322,0
DA:323,0
DA:324,0
DA:325,0
DA:326,0
DA:327,0
DA:328,0
DA:329,0
DA:330,0
DA:331,0
DA:332,0
DA:333,0
DA:334,0
DA:335,0
DA:336,0
DA:337,0
DA:338,0
DA:339,0
DA:340,0
DA:341,0
DA:342,0
DA:343,0
DA:344,0
DA:345,0
DA:346,0
DA:347,0
DA:348,0
DA:349,0
DA:350,0
DA:351,0
DA:352,0
DA:353,0
DA:354,0
DA:355,0
DA:356,0
DA:357,0
DA:358,0
DA:359,0
DA:360,0
DA:361,0
DA:362,0
DA:363,0
DA:364,0
DA:365,0
DA:366,0
DA:367,0
DA:368,0
DA:369,0
DA:370,0
DA:371,0
DA:372,0
DA:373,0
DA:374,0
DA:375,0
DA:376,0
DA:377,0
DA:378,0
DA:379,0
DA:380,0
DA:381,0
DA:382,0
DA:383,0
DA:384,0
DA:385,0
DA:386,0
DA:387,0
DA:388,0
DA:389,0
DA:390,0
DA:391,0
DA:392,0
DA:393,0
DA:394,0
DA:395,0
DA:396,0
DA:397,0
DA:398,0
DA:399,0
DA:400,0
DA:401,0
DA:402,0
DA:403,0
DA:404,0
DA:405,0
DA:406,0
DA:407,0
DA:408,0
DA:409,0
DA:410,0
DA:411,0
DA:412,0
DA:413,0
DA:414,0
DA:415,0
DA:416,0
DA:417,0
DA:418,0
DA:419,0
DA:420,0
DA:421,0
DA:422,0
DA:423,0
DA:424,0
DA:425,0
DA:426,0
DA:427,0
DA:428,0
DA:429,0
DA:430,0
DA:431,0
DA:432,0
DA:433,0
DA:434,0
DA:435,0
DA:436,0
DA:437,0
DA:438,0
DA:439,0
DA:440,0
DA:441,0
DA:442,0
DA:443,0
DA:444,0
DA:445,0
DA:446,0
DA:447,0
DA:448,0
DA:449,0
DA:450,0
DA:451,0
DA:452,0
DA:453,0
DA:454,0
DA:455,0
DA:456,0
DA:457,0
DA:458,0
DA:459,0
DA:460,0
DA:461,0
DA:462,0
DA:463,0
DA:464,0
DA:465,0
DA:466,0
DA:467,0
DA:468,0
DA:469,0
DA:470,0
DA:471,0
DA:472,0
DA:473,0
DA:474,0
DA:475,0
DA:476,0
DA:477,0
DA:478,0
DA:479,0
DA:480,0
DA:481,0
DA:482,0
DA:483,0
DA:484,0
DA:485,0
DA:486,0
DA:487,0
DA:488,0
DA:489,0
DA:490,0
DA:491,0
DA:492,0
DA:493,0
DA:494,0
DA:495,0
DA:496,0
DA:497,0
DA:498,0
DA:499,0
DA:500,0
DA:501,0
DA:502,0
DA:503,0
DA:504,0
DA:505,0
DA:506,0
DA:507,0
DA:508,0
DA:509,0
DA:510,0
DA:511,0
DA:512,0
DA:513,0
DA:514,0
DA:515,0
DA:516,0
DA:517,0
DA:518,0
DA:519,0
DA:520,0
DA:521,0
DA:522,0
DA:523,0
DA:524,0
DA:525,0
DA:526,0
DA:527,0
DA:528,0
DA:529,0
DA:530,0
DA:531,0
DA:532,0
DA:533,0
DA:534,0
DA:535,0
DA:536,0
DA:537,0
DA:538,0
DA:539,0
DA:540,0
DA:541,0
DA:542,0
DA:543,0
DA:544,0
DA:545,0
DA:546,0
DA:547,0
DA:548,0
DA:549,0
DA:550,0
DA:551,0
DA:552,0
DA:553,0
DA:554,0
DA:555,0
DA:556,0
DA:557,0
DA:558,0
DA:559,0
DA:560,0
DA:561,0
DA:562,0
DA:563,0
DA:564,0
DA:565,0
DA:566,0
DA:567,0
DA:568,0
DA:569,0
DA:570,0
DA:571,0
DA:572,0
DA:573,0
DA:574,0
DA:575,0
DA:576,0
DA:577,0
DA:578,0
DA:579,0
DA:580,0
DA:581,0
DA:582,0
DA:583,0
DA:584,0
DA:585,0
DA:586,0
DA:587,0
DA:588,0
DA:589,0
DA:590,0
DA:591,0
DA:592,0
DA:593,0
DA:594,0
DA:595,0
DA:596,0
DA:597,0
DA:598,0
DA:599,0
DA:600,0
DA:601,0
DA:602,0
DA:603,0
DA:604,0
DA:605,0
DA:606,0
DA:607,0
DA:608,0
DA:609,0
DA:610,0
DA:611,0
DA:612,0
DA:613,0
DA:614,0
DA:615,0
DA:616,0
DA:617,0
DA:618,0
DA:619,0
DA:620,0
DA:621,0
DA:622,0
DA:623,0
DA:624,0
DA:625,0
DA:626,0
DA:627,0
DA:628,0
DA:629,0
DA:630,0
DA:631,0
DA:632,0
DA:633,0
DA:634,0
DA:635,0
DA:636,0
DA:637,0
DA:638,0
DA:639,0
DA:640,0
DA:641,0
DA:642,0
DA:643,0
DA:644,0
DA:645,0
DA:646,0
DA:647,0
DA:648,0
DA:649,0
DA:650,0
DA:651,0
DA:652,0
DA:653,0
DA:654,0
DA:655,0
DA:656,0
DA:657,0
DA:658,0
DA:659,0
DA:660,0
DA:661,0
DA:662,0
DA:663,0
DA:664,0
DA:665,0
DA:666,0
DA:667,0
DA:668,0
DA:669,0
DA:670,0
DA:671,0
DA:672,0
DA:673,0
DA:674,0
DA:675,0
DA:676,0
DA:677,0
DA:678,0
DA:679,0
DA:680,0
DA:681,0
DA:682,0
DA:683,0
DA:684,0
DA:685,0
DA:686,0
DA:687,0
DA:688,0
DA:689,0
DA:690,0
DA:691,0
DA:692,0
DA:693,0
DA:694,0
DA:695,0
DA:696,0
DA:697,0
DA:698,0
DA:699,0
DA:700,0
DA:701,0
DA:702,0
DA:703,0
DA:704,0
DA:705,0
DA:706,0
DA:707,0
DA:708,0
DA:709,0
DA:710,0
DA:711,0
DA:712,0
DA:713,0
DA:714,0
DA:715,0
DA:716,0
DA:717,0
DA:718,0
DA:719,0
DA:720,0
DA:721,0
DA:722,0
DA:723,0
DA:724,0
DA:725,0
DA:726,0
DA:727,0
DA:728,0
DA:729,0
DA:730,0
DA:731,0
DA:732,0
DA:733,0
DA:734,0
DA:735,0
DA:736,0
DA:737,0
DA:738,0
DA:739,0
DA:740,0
DA:741,0
DA:742,0
DA:743,0
DA:744,0
DA:745,0
DA:746,0
DA:747,0
DA:748,0
DA:749,0
DA:750,0
DA:751,0
DA:752,0
DA:753,0
DA:754,0
DA:755,0
DA:756,0
DA:757,0
DA:758,0
DA:759,0
DA:760,0
DA:761,0
DA:762,0
DA:763,0
DA:764,0
DA:765,0
DA:766,0
DA:767,0
DA:768,0
DA:769,0
DA:770,0
DA:771,0
DA:772,0
DA:773,0
DA:774,0
DA:775,0
DA:776,0
DA:777,0
DA:778,0
DA:779,0
DA:780,0
DA:781,0
DA:782,0
DA:783,0
DA:784,0
DA:785,0
DA:786,0
DA:787,0
DA:788,0
DA:789,0
DA:790,0
DA:791,0
DA:792,0
DA:793,0
DA:794,0
DA:795,0
DA:796,0
DA:797,0
DA:798,0
DA:799,0
DA:800,0
DA:801,0
DA:802,0
DA:803,0
DA:804,0
DA:805,0
DA:806,0
DA:807,0
DA:808,0
DA:809,0
DA:810,0
DA:811,0
DA:812,0
LF:812
LH:0
BRDA:1,0,0,0
BRF:1
BRH:0
end_of_record
TN:
SF:scripts/health-check.mjs
FN:36,gh
FN:40,ghJSON
FN:44,fetchStatus
FN:57,checkSiteReachability
FN:95,isIncidentConclusion
FN:105,isRecoveryConclusion
FN:115,classifyLatestRun
FN:137,checkLatestWorkflowRun
FN:177,selectRecentFailures
FN:196,checkRecentWorkflowFailures
FN:227,dedupeByKey
FN:237,listAllOpenHealthIssues
FN:254,findOpenIssueForKey
FN:259,ensureLabel
FN:285,telegramDedupeKey
FN:291,issueNumberFromUrl
FN:296,notifyTelegram
FN:335,reportProblem
FN:398,parseWorkflowIncidentKey
FN:407,decideIssuesToClose
FN:432,verifyWorkflowIncidentResolved
FN:454,closeResolvedIssues
FN:480,main
FNF:23
FNH:8
FNDA:0,gh
FNDA:0,ghJSON
FNDA:0,fetchStatus
FNDA:0,checkSiteReachability
FNDA:20,isIncidentConclusion
FNDA:9,isRecoveryConclusion
FNDA:5,classifyLatestRun
FNDA:0,checkLatestWorkflowRun
FNDA:1,selectRecentFailures
FNDA:0,checkRecentWorkflowFailures
FNDA:0,dedupeByKey
FNDA:0,listAllOpenHealthIssues
FNDA:0,findOpenIssueForKey
FNDA:0,ensureLabel
FNDA:6,telegramDedupeKey
FNDA:3,issueNumberFromUrl
FNDA:0,notifyTelegram
FNDA:0,reportProblem
FNDA:3,parseWorkflowIncidentKey
FNDA:5,decideIssuesToClose
FNDA:0,verifyWorkflowIncidentResolved
FNDA:0,closeResolvedIssues
FNDA:0,main
DA:1,1
DA:2,1
DA:3,1
DA:4,1
DA:5,1
DA:6,1
DA:7,1
DA:8,1
DA:9,1
DA:10,1
DA:11,1
DA:12,1
DA:13,1
DA:14,1
DA:15,1
DA:16,1
DA:17,1
DA:18,1
DA:19,1
DA:20,1
DA:21,1
DA:22,1
DA:23,1
DA:24,1
DA:25,1
DA:26,1
DA:27,1
DA:28,1
DA:29,1
DA:30,1
DA:31,1
DA:32,1
DA:33,1
DA:34,1
DA:35,1
DA:36,0
DA:37,0
DA:38,0
DA:39,1
DA:40,0
DA:41,0
DA:42,0
DA:43,1
DA:44,0
DA:45,0
DA:46,0
DA:47,0
DA:48,0
DA:49,0
DA:50,0
DA:51,0
DA:52,0
DA:53,0
DA:54,0
DA:55,0
DA:56,1
DA:57,0
DA:58,0
DA:59,0
DA:60,0
DA:61,0
DA:62,0
DA:63,0
DA:64,0
DA:65,0
DA:66,0
DA:67,0
DA:68,0
DA:69,0
DA:70,0
DA:71,0
DA:72,0
DA:73,0
DA:74,0
DA:75,0
DA:76,0
DA:77,0
DA:78,0
DA:79,0
DA:80,0
DA:81,0
DA:82,0
DA:83,0
DA:84,0
DA:85,0
DA:86,1
DA:87,1
DA:88,1
DA:89,1
DA:90,1
DA:91,1
DA:92,1
DA:93,1
DA:94,1
DA:95,1
DA:96,1
DA:97,1
DA:98,1
DA:99,1
DA:100,1
DA:101,1
DA:102,1
DA:103,1
DA:104,1
DA:105,1
DA:106,1
DA:107,1
DA:108,1
DA:109,1
DA:110,1
DA:111,1
DA:112,1
DA:113,1
DA:114,1
DA:115,1
DA:116,5
DA:117,5
DA:118,4
DA:119,5
DA:120,2
DA:121,2
DA:122,2
DA:123,2
DA:124,2
DA:125,2
DA:126,2
DA:127,2
DA:128,2
DA:129,2
DA:130,2
DA:131,2
DA:132,2
DA:133,5
DA:134,1
DA:135,5
DA:136,1
DA:137,0
DA:138,0
DA:139,0
DA:140,0
DA:141,0
DA:142,0
DA:143,0
DA:144,0
DA:145,0
DA:146,0
DA:147,0
DA:148,0
DA:149,0
DA:150,0
DA:151,0
DA:152,0
DA:153,0
DA:154,0
DA:155,0
DA:156,0
DA:157,0
DA:158,0
DA:159,0
DA:160,0
DA:161,0
DA:162,0
DA:163,0
DA:164,0
DA:165,0
DA:166,0
DA:167,1
DA:168,1
DA:169,1
DA:170,1
DA:171,1
DA:172,1
DA:173,1
DA:174,1
DA:175,1
DA:176,1
DA:177,1
DA:178,1
DA:179,1
DA:180,1
DA:181,1
DA:182,1
DA:183,1
DA:184,1
DA:185,1
DA:186,3
DA:187,3
DA:188,3
DA:189,3
DA:190,3
DA:191,3
DA:192,3
DA:193,1
DA:194,1
DA:195,1
DA:196,0
DA:197,0
DA:198,0
DA:199,0
DA:200,0
DA:201,0
DA:202,0
DA:203,0
DA:204,0
DA:205,0
DA:206,0
DA:207,0
DA:208,0
DA:209,0
DA:210,0
DA:211,0
DA:212,0
DA:213,0
DA:214,0
DA:215,0
DA:216,0
DA:217,0
DA:218,0
DA:219,0
DA:220,0
DA:221,0
DA:222,0
DA:223,0
DA:224,0
DA:225,0
DA:226,1
DA:227,0
DA:228,0
DA:229,0
DA:230,0
DA:231,0
DA:232,1
DA:233,1
DA:234,1
DA:235,1
DA:236,1
DA:237,0
DA:238,0
DA:239,0
DA:240,0
DA:241,0
DA:242,0
DA:243,0
DA:244,0
DA:245,0
DA:246,0
DA:247,0
DA:248,0
DA:249,0
DA:250,0
DA:251,0
DA:252,0
DA:253,1
DA:254,0
DA:255,0
DA:256,0
DA:257,0
DA:258,1
DA:259,0
DA:260,0
DA:261,0
DA:262,0
DA:263,0
DA:264,0
DA:265,0
DA:266,0
DA:267,0
DA:268,0
DA:269,0
DA:270,0
DA:271,0
DA:272,0
DA:273,0
DA:274,0
DA:275,0
DA:276,0
DA:277,1
DA:278,1
DA:279,1
DA:280,1
DA:281,1
DA:282,1
DA:283,1
DA:284,1
DA:285,1
DA:286,6
DA:287,3
DA:288,3
DA:289,6
DA:290,1
DA:291,1
DA:292,3
DA:293,3
DA:294,3
DA:295,1
DA:296,0
DA:297,0
DA:298,0
DA:299,0
DA:300,0
DA:301,0
DA:302,0
DA:303,0
DA:304,0
DA:305,0
DA:306,0
DA:307,0
DA:308,0
DA:309,0
DA:310,0
DA:311,0
DA:312,0
DA:313,0
DA:314,0
DA:315,0
DA:316,0
DA:317,0
DA:318,0
DA:319,0
DA:320,0
DA:321,0
DA:322,0
DA:323,0
DA:324,0
DA:325,0
DA:326,0
DA:327,0
DA:328,0
DA:329,0
DA:330,0
DA:331,0
DA:332,0
DA:333,1
DA:334,1
DA:335,0
DA:336,0
DA:337,0
DA:338,0
DA:339,0
DA:340,0
DA:341,0
DA:342,0
DA:343,0
DA:344,0
DA:345,0
DA:346,0
DA:347,0
DA:348,0
DA:349,0
DA:350,0
DA:351,0
DA:352,0
DA:353,0
DA:354,0
DA:355,0
DA:356,0
DA:357,0
DA:358,0
DA:359,0
DA:360,0
DA:361,0
DA:362,0
DA:363,0
DA:364,0
DA:365,0
DA:366,0
DA:367,0
DA:368,0
DA:369,0
DA:370,0
DA:371,0
DA:372,0
DA:373,0
DA:374,0
DA:375,0
DA:376,0
DA:377,0
DA:378,0
DA:379,0
DA:380,0
DA:381,0
DA:382,0
DA:383,0
DA:384,1
DA:385,1
DA:386,1
DA:387,1
DA:388,1
DA:389,1
DA:390,1
DA:391,1
DA:392,1
DA:393,1
DA:394,1
DA:395,1
DA:396,1
DA:397,1
DA:398,1
DA:399,3
DA:400,3
DA:401,2
DA:402,2
DA:403,3
DA:404,2
DA:405,3
DA:406,1
DA:407,1
DA:408,5
DA:409,5
DA:410,5
DA:411,5
DA:412,20
DA:413,20
DA:414,15
DA:415,20
DA:416,14
DA:417,14
DA:418,14
DA:419,14
DA:420,14
DA:421,14
DA:422,20
DA:423,20
DA:424,2
DA:425,2
DA:426,5
DA:427,5
DA:428,1
DA:429,1
DA:430,1
DA:431,1
DA:432,0
DA:433,0
DA:434,0
DA:435,0
DA:436,0
DA:437,0
DA:438,0
DA:439,0
DA:440,0
DA:441,0
DA:442,0
DA:443,0
DA:444,0
DA:445,0
DA:446,0
DA:447,0
DA:448,0
DA:449,0
DA:450,0
DA:451,0
DA:452,0
DA:453,1
DA:454,0
DA:455,0
DA:456,0
DA:457,0
DA:458,0
DA:459,0
DA:460,0
DA:461,0
DA:462,0
DA:463,0
DA:464,0
DA:465,0
DA:466,0
DA:467,0
DA:468,0
DA:469,0
DA:470,0
DA:471,0
DA:472,0
DA:473,0
DA:474,0
DA:475,0
DA:476,0
DA:477,0
DA:478,0
DA:479,1
DA:480,0
DA:481,0
DA:482,0
DA:483,0
DA:484,0
DA:485,0
DA:486,0
DA:487,0
DA:488,0
DA:489,0
DA:490,0
DA:491,0
DA:492,0
DA:493,0
DA:494,0
DA:495,0
DA:496,0
DA:497,0
DA:498,0
DA:499,0
DA:500,0
DA:501,0
DA:502,0
DA:503,0
DA:504,0
DA:505,0
DA:506,0
DA:507,0
DA:508,0
DA:509,0
DA:510,0
DA:511,0
DA:512,0
DA:513,0
DA:514,0
DA:515,0
DA:516,0
DA:517,0
DA:518,0
DA:519,0
DA:520,0
DA:521,0
DA:522,0
DA:523,0
DA:524,0
DA:525,0
DA:526,0
DA:527,0
DA:528,0
DA:529,0
DA:530,0
DA:531,0
DA:532,0
DA:533,0
DA:534,0
DA:535,0
DA:536,0
DA:537,0
DA:538,0
DA:539,0
DA:540,0
DA:541,0
DA:542,0
DA:543,1
DA:544,1
DA:545,1
DA:546,1
DA:547,1
DA:548,1
DA:549,0
DA:550,0
DA:551,0
DA:552,0
DA:553,0
DA:554,0
DA:555,0
DA:556,0
DA:557,0
DA:558,0
DA:559,0
DA:560,0
DA:561,0
DA:562,0
DA:563,0
DA:564,0
DA:565,0
DA:566,0
DA:567,0
DA:568,0
DA:569,0
DA:570,0
DA:571,0
LF:571
LH:203
BRDA:1,0,0,1
BRDA:548,1,0,0
BRDA:95,2,0,20
BRDA:105,3,0,9
BRDA:115,4,0,5
BRDA:116,5,0,0
BRDA:117,6,0,1
BRDA:118,7,0,4
BRDA:119,8,0,2
BRDA:133,9,0,1
BRDA:116,10,0,6
BRDA:177,11,0,1
BRDA:178,12,0,0
BRDA:179,13,0,8
BRDA:183,14,0,7
BRDA:183,15,0,6
BRDA:184,16,0,4
BRDA:185,17,0,3
BRDA:186,18,0,0
BRDA:285,19,0,6
BRDA:286,20,0,3
BRDA:291,21,0,3
BRDA:292,22,0,1
BRDA:293,23,0,1
BRDA:293,24,0,2
BRDA:398,25,0,3
BRDA:400,26,0,1
BRDA:401,27,0,2
BRDA:403,28,0,0
BRDA:404,29,0,2
BRDA:407,30,0,5
BRDA:408,31,0,0
BRDA:409,32,0,0
BRDA:411,33,0,0
BRDA:411,34,0,20
BRDA:413,35,0,5
BRDA:414,36,0,15
BRDA:415,37,0,1
BRDA:415,38,0,14
BRDA:422,39,0,13
BRDA:422,40,0,6
BRDA:423,41,0,14
BRDA:423,42,0,12
BRDA:423,43,0,2
BRF:44
BRH:36
end_of_record
TN:
SF:scripts/item-snapshot-freshness.mjs
FN:8,fail
FN:12,dateOnly
FN:22,getSingleSalesSyncMarker
FN:29,validateSalesSyncMarker
FN:72,validateSalesRowsAgainstMarker
FN:92,assertStableSalesSync
FN:98,assertTrustedSalesInput
FNF:7
FNH:7
FNDA:13,fail
FNDA:55,dateOnly
FNDA:1,getSingleSalesSyncMarker
FNDA:15,validateSalesSyncMarker
FNDA:5,validateSalesRowsAgainstMarker
FNDA:2,assertStableSalesSync
FNDA:13,assertTrustedSalesInput
DA:1,1
DA:2,1
DA:3,1
DA:4,1
DA:5,1
DA:6,1
DA:7,1
DA:8,13
DA:9,13
DA:10,13
DA:11,1
DA:12,55
DA:13,55
DA:14,55
DA:15,55
DA:16,55
DA:17,0
DA:18,0
DA:19,55
DA:20,55
DA:21,1
DA:22,1
DA:23,1
DA:24,1
DA:25,1
DA:26,0
DA:27,1
DA:28,1
DA:29,1
DA:30,15
DA:31,15
DA:32,15
DA:33,15
DA:34,15
DA:35,15
DA:36,13
DA:37,15
DA:38,15
DA:39,12
DA:40,12
DA:41,15
DA:42,15
DA:43,12
DA:44,15
DA:45,15
DA:46,1
DA:47,1
DA:48,11
DA:49,11
DA:50,15
DA:51,10
DA:52,10
DA:53,15
DA:54,10
DA:55,15
DA:56,15
DA:57,15
DA:58,15
DA:59,3
DA:60,3
DA:61,7
DA:62,7
DA:63,7
DA:64,7
DA:65,7
DA:66,7
DA:67,7
DA:68,7
DA:69,7
DA:70,15
DA:71,1
DA:72,1
DA:73,5
DA:74,5
DA:75,15
DA:76,15
DA:77,5
DA:78,5
DA:79,1
DA:80,1
DA:81,4
DA:82,4
DA:83,5
DA:84,9
DA:85,9
DA:86,9
DA:87,7
DA:88,7
DA:89,2
DA:90,5
DA:91,1
DA:92,1
DA:93,2
DA:94,8
DA:95,8
DA:96,2
DA:97,1
DA:98,1
DA:99,13
DA:100,13
DA:101,13
DA:102,13
DA:103,13
DA:104,13
DA:105,13
LF:105
LH:102
BRDA:1,0,0,1
BRDA:8,1,0,13
BRDA:12,2,0,55
BRDA:13,3,0,0
BRDA:14,4,0,0
BRDA:16,5,0,0
BRDA:22,6,0,1
BRDA:24,7,0,0
BRDA:26,8,0,0
BRDA:29,9,0,15
BRDA:33,10,0,0
BRDA:34,11,0,1
BRDA:34,12,0,0
BRDA:35,13,0,14
BRDA:35,14,0,0
BRDA:35,15,0,1
BRDA:36,16,0,13
BRDA:37,17,0,1
BRDA:38,18,0,1
BRDA:39,19,0,12
BRDA:41,20,0,0
BRDA:42,21,0,12
BRDA:42,22,0,0
BRDA:43,23,0,12
BRDA:44,24,0,0
BRDA:45,25,0,12
BRDA:45,26,0,1
BRDA:48,27,0,11
BRDA:50,28,0,1
BRDA:51,29,0,10
BRDA:53,30,0,0
BRDA:54,31,0,10
BRDA:56,32,0,10
BRDA:57,33,0,0
BRDA:58,34,0,10
BRDA:58,35,0,8
BRDA:58,36,0,3
BRDA:61,37,0,7
BRDA:72,38,0,5
BRDA:73,39,0,0
BRDA:78,40,0,1
BRDA:81,41,0,4
BRDA:83,42,0,9
BRDA:84,43,0,1
BRDA:85,44,0,1
BRDA:86,45,0,8
BRDA:86,46,0,1
BRDA:87,47,0,7
BRDA:89,48,0,2
BRDA:74,49,0,15
BRDA:92,50,0,2
BRDA:93,51,0,8
BRDA:94,52,0,1
BRDA:96,53,0,1
BRDA:98,54,0,13
BRF:55
BRH:41
end_of_record
TN:
SF:scripts/item-snapshot-pipeline.mjs
FN:14,requiredKey
FN:20,dateOnly
FN:30,getSalesWindow
FN:40,parseQuantity
FN:49,quantityNumber
FN:55,newestByDate
FN:60,copySnapshotRow
FN:68,newSnapshotRow
FN:89,buildItemSnapshot
FNF:9
FNH:9
FNDA:32,requiredKey
FNDA:23,dateOnly
FNDA:12,getSalesWindow
FNDA:12,parseQuantity
FNDA:18,quantityNumber
FNDA:9,newestByDate
FNDA:20,copySnapshotRow
FNDA:4,newSnapshotRow
FNDA:11,buildItemSnapshot
DA:1,1
DA:2,1
DA:3,1
DA:4,1
DA:5,1
DA:6,1
DA:7,1
DA:8,1
DA:9,1
DA:10,1
DA:11,1
DA:12,1
DA:13,1
DA:14,32
DA:15,32
DA:16,32
DA:17,31
DA:18,32
DA:19,1
DA:20,23
DA:21,23
DA:22,23
DA:23,23
DA:24,23
DA:25,0
DA:26,0
DA:27,23
DA:28,23
DA:29,1
DA:30,1
DA:31,12
DA:32,12
DA:33,0
DA:34,0
DA:35,12
DA:36,12
DA:37,12
DA:38,12
DA:39,1
DA:40,1
DA:41,12
DA:42,12
DA:43,12
DA:44,12
DA:45,12
DA:46,12
DA:47,12
DA:48,1
DA:49,18
DA:50,18
DA:51,18
DA:52,18
DA:53,18
DA:54,1
DA:55,9
DA:56,9
DA:57,9
DA:58,9
DA:59,1
DA:60,20
DA:61,20
DA:62,20
DA:63,20
DA:64,20
DA:65,20
DA:66,20
DA:67,1
DA:68,4
DA:69,4
DA:70,4
DA:71,4
DA:72,4
DA:73,4
DA:74,4
DA:75,4
DA:76,4
DA:77,4
DA:78,4
DA:79,4
DA:80,4
DA:81,4
DA:82,4
DA:83,4
DA:84,4
DA:85,4
DA:86,4
DA:87,4
DA:88,1
DA:89,1
DA:90,11
DA:91,11
DA:92,0
DA:93,0
DA:94,11
DA:95,11
DA:96,11
DA:97,11
DA:98,5
DA:99,5
DA:100,5
DA:101,5
DA:102,5
DA:103,5
DA:104,5
DA:105,5
DA:106,5
DA:107,10
DA:108,10
DA:109,11
DA:110,20
DA:111,20
DA:112,19
DA:113,19
DA:114,9
DA:115,9
DA:116,9
DA:117,11
DA:118,11
DA:119,11
DA:120,11
DA:121,11
DA:122,1
DA:123,1
DA:124,9
DA:125,11
DA:126,11
DA:127,11
DA:128,8
DA:129,8
DA:130,11
DA:131,11
DA:132,20
DA:133,20
DA:134,11
DA:135,6
DA:136,6
DA:137,7
DA:138,7
DA:139,7
DA:140,7
DA:141,11
DA:142,11
DA:143,7
DA:144,7
DA:145,7
DA:146,18
DA:147,18
DA:148,18
DA:149,7
DA:150,7
DA:151,7
DA:152,11
DA:153,11
DA:154,11
DA:155,5
DA:156,5
DA:157,7
DA:158,11
LF:158
LH:152
BRDA:1,0,0,1
BRDA:14,1,0,32
BRDA:15,2,0,1
BRDA:16,3,0,1
BRDA:17,4,0,31
BRDA:20,5,0,23
BRDA:21,6,0,0
BRDA:22,7,0,0
BRDA:24,8,0,0
BRDA:30,9,0,12
BRDA:32,10,0,0
BRDA:40,11,0,12
BRDA:41,12,0,0
BRDA:43,13,0,1
BRDA:43,14,0,0
BRDA:44,15,0,11
BRDA:44,16,0,3
BRDA:44,17,0,8
BRDA:45,18,0,7
BRDA:46,19,0,0
BRDA:49,20,0,18
BRDA:50,21,0,0
BRDA:51,22,0,0
BRDA:55,23,0,9
BRDA:56,24,0,6
BRDA:57,25,0,3
BRDA:57,26,0,0
BRDA:60,27,0,20
BRDA:62,28,0,440
BRDA:62,29,0,300
BRDA:64,30,0,0
BRDA:68,31,0,4
BRDA:69,32,0,0
BRDA:69,33,0,0
BRDA:70,34,0,0
BRDA:75,35,0,2
BRDA:75,36,0,2
BRDA:75,37,0,1
BRDA:75,38,0,1
BRDA:77,39,0,1
BRDA:79,40,0,2
BRDA:79,41,0,2
BRDA:79,42,0,2
BRDA:79,43,0,2
BRDA:82,44,0,0
BRDA:82,45,0,0
BRDA:83,46,0,0
BRDA:89,47,0,11
BRDA:91,48,0,0
BRDA:97,49,0,5
BRDA:102,50,0,3
BRDA:103,51,0,3
BRDA:105,52,0,0
BRDA:105,53,0,4
BRDA:107,54,0,10
BRDA:109,55,0,20
BRDA:111,56,0,1
BRDA:112,57,0,19
BRDA:114,58,0,9
BRDA:119,59,0,10
BRDA:119,60,0,1
BRDA:120,61,0,10
BRDA:120,62,0,0
BRDA:121,63,0,1
BRDA:122,64,0,0
BRDA:124,65,0,9
BRDA:125,66,0,6
BRDA:128,67,0,8
BRDA:130,68,0,0
BRDA:131,69,0,8
BRDA:131,70,0,20
BRDA:132,71,0,4
BRDA:134,72,0,8
BRDA:134,73,0,6
BRDA:135,74,0,1
BRDA:137,75,0,7
BRDA:141,76,0,0
BRDA:142,77,0,0
BRDA:143,78,0,7
BRDA:152,79,0,0
BRDA:153,80,0,7
BRDA:153,81,0,0
BRDA:154,82,0,7
BRDA:154,83,0,5
BRDA:155,84,0,0
BRDA:157,85,0,7
BRDA:138,86,0,18
BRDA:138,87,0,13
BRDA:139,88,0,4
BRDA:139,89,0,0
BRDA:139,90,0,3
BRDA:139,91,0,1
BRDA:140,92,0,11
BRDA:144,93,0,11
BRDA:145,94,0,18
BRDA:146,95,0,13
BRDA:151,96,0,18
BRF:97
BRH:69
end_of_record
TN:
SF:scripts/refresh-ameen-item-snapshot.mjs
FN:1,(empty-report)
FNF:1
FNH:0
FNDA:0,(empty-report)
DA:1,0
DA:2,0
DA:3,0
DA:4,0
DA:5,0
DA:6,0
DA:7,0
DA:8,0
DA:9,0
DA:10,0
DA:11,0
DA:12,0
DA:13,0
DA:14,0
DA:15,0
DA:16,0
DA:17,0
DA:18,0
DA:19,0
DA:20,0
DA:21,0
DA:22,0
DA:23,0
DA:24,0
DA:25,0
DA:26,0
DA:27,0
DA:28,0
DA:29,0
DA:30,0
DA:31,0
DA:32,0
DA:33,0
DA:34,0
DA:35,0
DA:36,0
DA:37,0
DA:38,0
DA:39,0
DA:40,0
DA:41,0
DA:42,0
DA:43,0
DA:44,0
DA:45,0
DA:46,0
DA:47,0
DA:48,0
DA:49,0
DA:50,0
DA:51,0
DA:52,0
DA:53,0
DA:54,0
DA:55,0
DA:56,0
DA:57,0
DA:58,0
DA:59,0
DA:60,0
DA:61,0
DA:62,0
DA:63,0
DA:64,0
DA:65,0
DA:66,0
DA:67,0
DA:68,0
DA:69,0
DA:70,0
DA:71,0
DA:72,0
DA:73,0
DA:74,0
DA:75,0
DA:76,0
DA:77,0
DA:78,0
DA:79,0
DA:80,0
DA:81,0
DA:82,0
DA:83,0
DA:84,0
DA:85,0
DA:86,0
DA:87,0
DA:88,0
DA:89,0
DA:90,0
DA:91,0
DA:92,0
DA:93,0
DA:94,0
DA:95,0
DA:96,0
DA:97,0
DA:98,0
DA:99,0
DA:100,0
DA:101,0
DA:102,0
DA:103,0
DA:104,0
DA:105,0
DA:106,0
DA:107,0
DA:108,0
DA:109,0
DA:110,0
DA:111,0
DA:112,0
DA:113,0
DA:114,0
DA:115,0
DA:116,0
DA:117,0
DA:118,0
DA:119,0
DA:120,0
DA:121,0
DA:122,0
DA:123,0
DA:124,0
DA:125,0
DA:126,0
DA:127,0
DA:128,0
DA:129,0
DA:130,0
DA:131,0
DA:132,0
DA:133,0
DA:134,0
DA:135,0
DA:136,0
DA:137,0
DA:138,0
DA:139,0
LF:139
LH:0
BRDA:1,0,0,0
BRF:1
BRH:0
end_of_record
TN:
SF:scripts/serve.mjs
FN:88,urlPathSegments
FN:117,resolvePublicPath
FN:155,isLoopbackBind
FN:166,isHostAllowed
FN:181,handler
FNF:5
FNH:5
FNDA:74,urlPathSegments
FNDA:60,resolvePublicPath
FNDA:9,isLoopbackBind
FNDA:64,isHostAllowed
FNDA:56,handler
DA:1,1
DA:2,1
DA:3,1
DA:4,1
DA:5,1
DA:6,1
DA:7,1
DA:8,1
DA:9,1
DA:10,1
DA:11,1
DA:12,1
DA:13,1
DA:14,1
DA:15,1
DA:16,1
DA:17,1
DA:18,1
DA:19,1
DA:20,1
DA:21,1
DA:22,1
DA:23,1
DA:24,1
DA:25,1
DA:26,1
DA:27,1
DA:28,1
DA:29,1
DA:30,1
DA:31,1
DA:32,1
DA:33,1
DA:34,1
DA:35,1
DA:36,1
DA:37,1
DA:38,1
DA:39,1
DA:40,1
DA:41,1
DA:42,1
DA:43,1
DA:44,1
DA:45,1
DA:46,1
DA:47,1
DA:48,1
DA:49,1
DA:50,1
DA:51,1
DA:52,1
DA:53,1
DA:54,1
DA:55,1
DA:56,1
DA:57,1
DA:58,1
DA:59,1
DA:60,1
DA:61,1
DA:62,1
DA:63,1
DA:64,1
DA:65,1
DA:66,1
DA:67,1
DA:68,1
DA:69,1
DA:70,1
DA:71,1
DA:72,1
DA:73,1
DA:74,1
DA:75,1
DA:76,1
DA:77,1
DA:78,1
DA:79,1
DA:80,1
DA:81,1
DA:82,1
DA:83,1
DA:84,1
DA:85,1
DA:86,1
DA:87,1
DA:88,1
DA:89,74
DA:90,74
DA:91,74
DA:92,74
DA:93,74
DA:94,74
DA:95,0
DA:96,0
DA:97,74
DA:98,74
DA:99,74
DA:100,74
DA:101,74
DA:102,74
DA:103,74
DA:104,74
DA:105,198
DA:106,198
DA:107,198
DA:108,93
DA:109,93
DA:110,74
DA:111,74
DA:112,1
DA:113,1
DA:114,1
DA:115,1
DA:116,1
DA:117,1
DA:118,60
DA:119,60
DA:120,40
DA:121,40
DA:122,60
DA:123,60
DA:124,60
DA:125,22
DA:126,22
DA:127,22
DA:128,22
DA:129,60
DA:130,60
DA:131,21
DA:132,21
DA:133,21
DA:134,21
DA:135,60
DA:136,60
DA:137,60
DA:138,60
DA:139,21
DA:140,60
DA:141,21
DA:142,21
DA:143,21
DA:144,60
DA:145,60
DA:146,0
DA:147,0
DA:148,21
DA:149,60
DA:150,1
DA:151,1
DA:152,1
DA:153,1
DA:154,1
DA:155,9
DA:156,9
DA:157,9
DA:158,1
DA:159,1
DA:160,1
DA:161,1
DA:162,1
DA:163,1
DA:164,1
DA:165,1
DA:166,1
DA:167,64
DA:168,64
DA:169,62
DA:170,64
DA:171,64
DA:172,64
DA:173,64
DA:174,64
DA:175,64
DA:176,64
DA:177,64
DA:178,1
DA:179,64
DA:180,1
DA:181,56
DA:182,56
DA:183,4
DA:184,4
DA:185,4
DA:186,4
DA:187,56
DA:188,0
DA:189,0
DA:190,0
DA:191,0
DA:192,52
DA:193,56
DA:194,56
DA:195,33
DA:196,33
DA:197,33
DA:198,33
DA:199,19
DA:200,56
DA:201,56
DA:202,56
DA:203,0
DA:204,0
DA:205,0
DA:206,0
DA:207,19
DA:208,56
DA:209,1
DA:210,1
DA:211,1
DA:212,1
DA:213,1
DA:214,0
DA:215,0
DA:216,0
DA:217,0
DA:218,0
DA:219,0
DA:220,0
DA:221,0
DA:222,0
DA:223,0
DA:224,0
LF:224
LH:201
BRDA:1,0,0,1
BRDA:26,1,0,0
BRDA:30,2,0,0
BRDA:213,3,0,0
BRDA:88,4,0,74
BRDA:92,5,0,0
BRDA:93,6,0,2
BRDA:94,7,0,0
BRDA:97,8,0,0
BRDA:100,9,0,2
BRDA:101,10,0,0
BRDA:104,11,0,198
BRDA:105,12,0,123
BRDA:105,13,0,78
BRDA:106,14,0,120
BRDA:106,15,0,15
BRDA:106,16,0,105
BRDA:107,17,0,12
BRDA:107,18,0,93
BRDA:110,19,0,47
BRDA:110,20,0,0
BRDA:117,21,0,60
BRDA:119,22,0,20
BRDA:120,23,0,40
BRDA:122,24,0,20
BRDA:123,25,0,20
BRDA:124,26,0,18
BRDA:125,27,0,22
BRDA:129,28,0,0
BRDA:130,29,0,1
BRDA:131,30,0,21
BRDA:135,31,0,12
BRDA:136,32,0,9
BRDA:138,33,0,0
BRDA:139,34,0,21
BRDA:140,35,0,0
BRDA:141,36,0,21
BRDA:144,37,0,0
BRDA:145,38,0,0
BRDA:148,39,0,21
BRDA:136,40,0,18
BRDA:137,41,0,25
BRDA:144,42,0,25
BRDA:155,43,0,9
BRDA:156,44,0,4
BRDA:156,45,0,4
BRDA:166,46,0,64
BRDA:167,47,0,2
BRDA:168,48,0,2
BRDA:169,49,0,62
BRDA:170,50,0,0
BRDA:171,51,0,62
BRDA:172,52,0,0
BRDA:173,53,0,62
BRDA:173,54,0,53
BRDA:174,55,0,9
BRDA:174,56,0,5
BRDA:175,57,0,4
BRDA:175,58,0,2
BRDA:176,59,0,0
BRDA:176,60,0,0
BRDA:176,61,0,2
BRDA:177,62,0,1
BRDA:181,63,0,56
BRDA:182,64,0,4
BRDA:187,65,0,52
BRDA:187,66,0,0
BRDA:187,67,0,0
BRDA:192,68,0,52
BRDA:193,69,0,0
BRDA:194,70,0,33
BRDA:199,71,0,19
BRDA:200,72,0,0
BRDA:202,73,0,0
BRDA:207,74,0,19
BRF:75
BRH:53
end_of_record
TN:
SF:src/ameen-live-client.js
FN:1,(empty-report)
FNF:1
FNH:0
FNDA:0,(empty-report)
DA:1,0
DA:2,0
DA:3,0
DA:4,0
DA:5,0
DA:6,0
DA:7,0
DA:8,0
DA:9,0
DA:10,0
LF:10
LH:0
BRDA:1,0,0,0
BRF:1
BRH:0
end_of_record
TN:
SF:src/app.js
FN:1,(empty-report)
FNF:1
FNH:0
FNDA:0,(empty-report)
DA:1,0
DA:2,0
DA:3,0
DA:4,0
DA:5,0
DA:6,0
DA:7,0
DA:8,0
DA:9,0
DA:10,0
DA:11,0
DA:12,0
DA:13,0
DA:14,0
DA:15,0
DA:16,0
DA:17,0
DA:18,0
DA:19,0
DA:20,0
DA:21,0
DA:22,0
DA:23,0
DA:24,0
DA:25,0
DA:26,0
DA:27,0
DA:28,0
DA:29,0
DA:30,0
DA:31,0
DA:32,0
DA:33,0
DA:34,0
DA:35,0
DA:36,0
DA:37,0
DA:38,0
DA:39,0
DA:40,0
DA:41,0
DA:42,0
DA:43,0
DA:44,0
DA:45,0
DA:46,0
DA:47,0
DA:48,0
DA:49,0
DA:50,0
DA:51,0
DA:52,0
DA:53,0
DA:54,0
DA:55,0
DA:56,0
DA:57,0
DA:58,0
DA:59,0
DA:60,0
DA:61,0
DA:62,0
DA:63,0
DA:64,0
DA:65,0
DA:66,0
DA:67,0
DA:68,0
DA:69,0
DA:70,0
DA:71,0
DA:72,0
DA:73,0
DA:74,0
DA:75,0
DA:76,0
DA:77,0
DA:78,0
DA:79,0
DA:80,0
DA:81,0
DA:82,0
DA:83,0
DA:84,0
DA:85,0
DA:86,0
DA:87,0
DA:88,0
DA:89,0
DA:90,0
DA:91,0
DA:92,0
DA:93,0
DA:94,0
DA:95,0
DA:96,0
DA:97,0
DA:98,0
DA:99,0
DA:100,0
DA:101,0
DA:102,0
DA:103,0
DA:104,0
DA:105,0
DA:106,0
DA:107,0
DA:108,0
DA:109,0
DA:110,0
DA:111,0
DA:112,0
DA:113,0
DA:114,0
DA:115,0
DA:116,0
DA:117,0
DA:118,0
DA:119,0
DA:120,0
DA:121,0
DA:122,0
DA:123,0
DA:124,0
DA:125,0
DA:126,0
DA:127,0
DA:128,0
DA:129,0
DA:130,0
DA:131,0
DA:132,0
DA:133,0
DA:134,0
DA:135,0
DA:136,0
DA:137,0
DA:138,0
DA:139,0
DA:140,0
DA:141,0
DA:142,0
DA:143,0
DA:144,0
DA:145,0
DA:146,0
DA:147,0
DA:148,0
DA:149,0
DA:150,0
DA:151,0
DA:152,0
DA:153,0
DA:154,0
DA:155,0
DA:156,0
DA:157,0
DA:158,0
DA:159,0
DA:160,0
DA:161,0
DA:162,0
DA:163,0
DA:164,0
DA:165,0
DA:166,0
DA:167,0
DA:168,0
DA:169,0
DA:170,0
DA:171,0
DA:172,0
DA:173,0
DA:174,0
DA:175,0
DA:176,0
DA:177,0
DA:178,0
DA:179,0
DA:180,0
DA:181,0
DA:182,0
DA:183,0
DA:184,0
DA:185,0
DA:186,0
DA:187,0
DA:188,0
DA:189,0
DA:190,0
DA:191,0
DA:192,0
DA:193,0
DA:194,0
DA:195,0
DA:196,0
DA:197,0
DA:198,0
DA:199,0
DA:200,0
DA:201,0
DA:202,0
DA:203,0
DA:204,0
DA:205,0
DA:206,0
DA:207,0
DA:208,0
DA:209,0
DA:210,0
DA:211,0
DA:212,0
DA:213,0
DA:214,0
DA:215,0
DA:216,0
DA:217,0
DA:218,0
DA:219,0
DA:220,0
DA:221,0
DA:222,0
DA:223,0
DA:224,0
DA:225,0
DA:226,0
DA:227,0
DA:228,0
DA:229,0
DA:230,0
DA:231,0
DA:232,0
DA:233,0
DA:234,0
DA:235,0
DA:236,0
DA:237,0
DA:238,0
DA:239,0
DA:240,0
DA:241,0
DA:242,0
DA:243,0
DA:244,0
DA:245,0
DA:246,0
DA:247,0
DA:248,0
DA:249,0
DA:250,0
DA:251,0
DA:252,0
DA:253,0
DA:254,0
DA:255,0
DA:256,0
DA:257,0
DA:258,0
DA:259,0
DA:260,0
DA:261,0
DA:262,0
DA:263,0
DA:264,0
DA:265,0
DA:266,0
DA:267,0
DA:268,0
DA:269,0
DA:270,0
DA:271,0
DA:272,0
DA:273,0
DA:274,0
DA:275,0
DA:276,0
DA:277,0
DA:278,0
DA:279,0
DA:280,0
DA:281,0
DA:282,0
DA:283,0
DA:284,0
DA:285,0
DA:286,0
DA:287,0
DA:288,0
DA:289,0
DA:290,0
DA:291,0
DA:292,0
DA:293,0
DA:294,0
DA:295,0
DA:296,0
DA:297,0
DA:298,0
DA:299,0
DA:300,0
DA:301,0
DA:302,0
DA:303,0
DA:304,0
DA:305,0
DA:306,0
DA:307,0
DA:308,0
DA:309,0
DA:310,0
DA:311,0
DA:312,0
DA:313,0
DA:314,0
DA:315,0
DA:316,0
DA:317,0
DA:318,0
DA:319,0
DA:320,0
DA:321,0
DA:322,0
DA:323,0
DA:324,0
DA:325,0
DA:326,0
DA:327,0
DA:328,0
DA:329,0
DA:330,0
DA:331,0
DA:332,0
DA:333,0
DA:334,0
DA:335,0
DA:336,0
DA:337,0
DA:338,0
DA:339,0
DA:340,0
DA:341,0
DA:342,0
DA:343,0
DA:344,0
DA:345,0
DA:346,0
DA:347,0
DA:348,0
DA:349,0
DA:350,0
DA:351,0
DA:352,0
DA:353,0
DA:354,0
DA:355,0
DA:356,0
DA:357,0
DA:358,0
DA:359,0
DA:360,0
DA:361,0
DA:362,0
DA:363,0
DA:364,0
DA:365,0
DA:366,0
DA:367,0
DA:368,0
DA:369,0
DA:370,0
DA:371,0
DA:372,0
DA:373,0
DA:374,0
DA:375,0
DA:376,0
DA:377,0
DA:378,0
DA:379,0
DA:380,0
DA:381,0
DA:382,0
DA:383,0
DA:384,0
DA:385,0
DA:386,0
DA:387,0
DA:388,0
DA:389,0
DA:390,0
DA:391,0
DA:392,0
DA:393,0
DA:394,0
DA:395,0
DA:396,0
DA:397,0
DA:398,0
DA:399,0
DA:400,0
DA:401,0
DA:402,0
DA:403,0
DA:404,0
DA:405,0
DA:406,0
DA:407,0
DA:408,0
DA:409,0
DA:410,0
DA:411,0
DA:412,0
DA:413,0
DA:414,0
DA:415,0
DA:416,0
DA:417,0
DA:418,0
DA:419,0
DA:420,0
DA:421,0
DA:422,0
DA:423,0
DA:424,0
DA:425,0
DA:426,0
DA:427,0
DA:428,0
DA:429,0
DA:430,0
DA:431,0
DA:432,0
DA:433,0
DA:434,0
DA:435,0
DA:436,0
DA:437,0
DA:438,0
DA:439,0
DA:440,0
DA:441,0
DA:442,0
DA:443,0
DA:444,0
DA:445,0
DA:446,0
DA:447,0
DA:448,0
DA:449,0
DA:450,0
DA:451,0
DA:452,0
DA:453,0
DA:454,0
DA:455,0
DA:456,0
DA:457,0
DA:458,0
DA:459,0
DA:460,0
DA:461,0
DA:462,0
DA:463,0
DA:464,0
DA:465,0
DA:466,0
DA:467,0
DA:468,0
DA:469,0
DA:470,0
DA:471,0
DA:472,0
DA:473,0
DA:474,0
DA:475,0
DA:476,0
DA:477,0
DA:478,0
DA:479,0
DA:480,0
DA:481,0
DA:482,0
DA:483,0
DA:484,0
DA:485,0
DA:486,0
DA:487,0
DA:488,0
DA:489,0
DA:490,0
DA:491,0
DA:492,0
DA:493,0
DA:494,0
DA:495,0
DA:496,0
DA:497,0
DA:498,0
DA:499,0
DA:500,0
DA:501,0
DA:502,0
DA:503,0
DA:504,0
DA:505,0
DA:506,0
DA:507,0
DA:508,0
DA:509,0
DA:510,0
DA:511,0
DA:512,0
DA:513,0
DA:514,0
DA:515,0
DA:516,0
DA:517,0
DA:518,0
DA:519,0
DA:520,0
DA:521,0
DA:522,0
DA:523,0
DA:524,0
DA:525,0
DA:526,0
DA:527,0
DA:528,0
DA:529,0
DA:530,0
DA:531,0
DA:532,0
DA:533,0
DA:534,0
DA:535,0
DA:536,0
DA:537,0
DA:538,0
DA:539,0
DA:540,0
DA:541,0
DA:542,0
DA:543,0
DA:544,0
DA:545,0
DA:546,0
DA:547,0
DA:548,0
DA:549,0
DA:550,0
DA:551,0
DA:552,0
DA:553,0
DA:554,0
DA:555,0
DA:556,0
DA:557,0
DA:558,0
DA:559,0
DA:560,0
DA:561,0
DA:562,0
DA:563,0
DA:564,0
DA:565,0
DA:566,0
DA:567,0
DA:568,0
DA:569,0
DA:570,0
DA:571,0
DA:572,0
DA:573,0
DA:574,0
DA:575,0
DA:576,0
DA:577,0
DA:578,0
DA:579,0
DA:580,0
DA:581,0
DA:582,0
DA:583,0
DA:584,0
DA:585,0
DA:586,0
DA:587,0
DA:588,0
DA:589,0
DA:590,0
DA:591,0
DA:592,0
DA:593,0
DA:594,0
DA:595,0
DA:596,0
DA:597,0
DA:598,0
DA:599,0
DA:600,0
DA:601,0
DA:602,0
DA:603,0
DA:604,0
DA:605,0
DA:606,0
DA:607,0
DA:608,0
DA:609,0
DA:610,0
DA:611,0
DA:612,0
DA:613,0
DA:614,0
DA:615,0
DA:616,0
DA:617,0
DA:618,0
DA:619,0
DA:620,0
DA:621,0
DA:622,0
DA:623,0
DA:624,0
DA:625,0
DA:626,0
DA:627,0
DA:628,0
DA:629,0
DA:630,0
DA:631,0
DA:632,0
DA:633,0
DA:634,0
DA:635,0
DA:636,0
DA:637,0
DA:638,0
DA:639,0
DA:640,0
DA:641,0
DA:642,0
DA:643,0
DA:644,0
DA:645,0
DA:646,0
DA:647,0
DA:648,0
DA:649,0
DA:650,0
DA:651,0
DA:652,0
DA:653,0
DA:654,0
DA:655,0
DA:656,0
DA:657,0
DA:658,0
DA:659,0
DA:660,0
DA:661,0
DA:662,0
DA:663,0
DA:664,0
DA:665,0
DA:666,0
DA:667,0
DA:668,0
DA:669,0
DA:670,0
DA:671,0
DA:672,0
DA:673,0
DA:674,0
DA:675,0
DA:676,0
DA:677,0
DA:678,0
DA:679,0
DA:680,0
DA:681,0
DA:682,0
DA:683,0
DA:684,0
DA:685,0
DA:686,0
DA:687,0
DA:688,0
DA:689,0
DA:690,0
DA:691,0
DA:692,0
DA:693,0
DA:694,0
DA:695,0
DA:696,0
DA:697,0
DA:698,0
DA:699,0
DA:700,0
DA:701,0
DA:702,0
DA:703,0
DA:704,0
DA:705,0
DA:706,0
DA:707,0
DA:708,0
DA:709,0
DA:710,0
DA:711,0
DA:712,0
DA:713,0
DA:714,0
DA:715,0
DA:716,0
DA:717,0
DA:718,0
DA:719,0
DA:720,0
DA:721,0
DA:722,0
DA:723,0
DA:724,0
DA:725,0
DA:726,0
DA:727,0
DA:728,0
DA:729,0
DA:730,0
DA:731,0
DA:732,0
DA:733,0
DA:734,0
DA:735,0
DA:736,0
DA:737,0
DA:738,0
DA:739,0
DA:740,0
DA:741,0
DA:742,0
DA:743,0
DA:744,0
DA:745,0
DA:746,0
DA:747,0
DA:748,0
DA:749,0
DA:750,0
DA:751,0
DA:752,0
DA:753,0
DA:754,0
DA:755,0
DA:756,0
DA:757,0
DA:758,0
DA:759,0
DA:760,0
DA:761,0
DA:762,0
DA:763,0
DA:764,0
DA:765,0
DA:766,0
DA:767,0
DA:768,0
DA:769,0
DA:770,0
DA:771,0
DA:772,0
DA:773,0
DA:774,0
DA:775,0
DA:776,0
DA:777,0
DA:778,0
DA:779,0
DA:780,0
DA:781,0
DA:782,0
DA:783,0
DA:784,0
DA:785,0
DA:786,0
DA:787,0
DA:788,0
DA:789,0
DA:790,0
DA:791,0
DA:792,0
DA:793,0
DA:794,0
DA:795,0
DA:796,0
DA:797,0
DA:798,0
DA:799,0
DA:800,0
DA:801,0
DA:802,0
DA:803,0
DA:804,0
DA:805,0
DA:806,0
DA:807,0
DA:808,0
DA:809,0
DA:810,0
DA:811,0
DA:812,0
DA:813,0
DA:814,0
DA:815,0
DA:816,0
DA:817,0
DA:818,0
DA:819,0
DA:820,0
DA:821,0
DA:822,0
DA:823,0
DA:824,0
DA:825,0
DA:826,0
DA:827,0
DA:828,0
DA:829,0
DA:830,0
DA:831,0
DA:832,0
DA:833,0
DA:834,0
DA:835,0
DA:836,0
DA:837,0
DA:838,0
DA:839,0
DA:840,0
DA:841,0
DA:842,0
DA:843,0
DA:844,0
DA:845,0
DA:846,0
DA:847,0
DA:848,0
DA:849,0
DA:850,0
DA:851,0
DA:852,0
DA:853,0
DA:854,0
DA:855,0
DA:856,0
DA:857,0
DA:858,0
DA:859,0
DA:860,0
DA:861,0
DA:862,0
DA:863,0
DA:864,0
DA:865,0
DA:866,0
DA:867,0
DA:868,0
DA:869,0
DA:870,0
DA:871,0
DA:872,0
DA:873,0
DA:874,0
DA:875,0
DA:876,0
DA:877,0
DA:878,0
DA:879,0
DA:880,0
DA:881,0
DA:882,0
DA:883,0
DA:884,0
DA:885,0
DA:886,0
DA:887,0
DA:888,0
DA:889,0
DA:890,0
DA:891,0
DA:892,0
DA:893,0
DA:894,0
DA:895,0
DA:896,0
DA:897,0
DA:898,0
DA:899,0
DA:900,0
DA:901,0
DA:902,0
DA:903,0
DA:904,0
DA:905,0
DA:906,0
DA:907,0
DA:908,0
DA:909,0
DA:910,0
DA:911,0
DA:912,0
DA:913,0
DA:914,0
DA:915,0
DA:916,0
DA:917,0
DA:918,0
DA:919,0
DA:920,0
DA:921,0
DA:922,0
DA:923,0
DA:924,0
DA:925,0
DA:926,0
DA:927,0
DA:928,0
DA:929,0
DA:930,0
DA:931,0
DA:932,0
DA:933,0
DA:934,0
DA:935,0
DA:936,0
DA:937,0
DA:938,0
DA:939,0
DA:940,0
DA:941,0
DA:942,0
DA:943,0
DA:944,0
DA:945,0
DA:946,0
DA:947,0
DA:948,0
DA:949,0
DA:950,0
DA:951,0
DA:952,0
DA:953,0
DA:954,0
DA:955,0
DA:956,0
DA:957,0
DA:958,0
DA:959,0
DA:960,0
DA:961,0
DA:962,0
DA:963,0
DA:964,0
DA:965,0
DA:966,0
DA:967,0
DA:968,0
DA:969,0
DA:970,0
DA:971,0
DA:972,0
DA:973,0
DA:974,0
DA:975,0
DA:976,0
DA:977,0
DA:978,0
DA:979,0
DA:980,0
DA:981,0
DA:982,0
DA:983,0
DA:984,0
DA:985,0
DA:986,0
DA:987,0
DA:988,0
DA:989,0
DA:990,0
DA:991,0
DA:992,0
DA:993,0
DA:994,0
DA:995,0
DA:996,0
DA:997,0
DA:998,0
DA:999,0
DA:1000,0
DA:1001,0
DA:1002,0
DA:1003,0
DA:1004,0
DA:1005,0
DA:1006,0
DA:1007,0
DA:1008,0
DA:1009,0
DA:1010,0
DA:1011,0
DA:1012,0
DA:1013,0
DA:1014,0
DA:1015,0
DA:1016,0
DA:1017,0
DA:1018,0
DA:1019,0
DA:1020,0
DA:1021,0
DA:1022,0
DA:1023,0
DA:1024,0
DA:1025,0
DA:1026,0
DA:1027,0
DA:1028,0
DA:1029,0
DA:1030,0
DA:1031,0
DA:1032,0
DA:1033,0
DA:1034,0
DA:1035,0
DA:1036,0
DA:1037,0
DA:1038,0
DA:1039,0
DA:1040,0
DA:1041,0
DA:1042,0
DA:1043,0
DA:1044,0
DA:1045,0
DA:1046,0
DA:1047,0
DA:1048,0
DA:1049,0
DA:1050,0
DA:1051,0
DA:1052,0
DA:1053,0
DA:1054,0
DA:1055,0
DA:1056,0
DA:1057,0
DA:1058,0
DA:1059,0
DA:1060,0
DA:1061,0
DA:1062,0
DA:1063,0
DA:1064,0
DA:1065,0
DA:1066,0
DA:1067,0
DA:1068,0
DA:1069,0
DA:1070,0
DA:1071,0
DA:1072,0
DA:1073,0
DA:1074,0
DA:1075,0
DA:1076,0
DA:1077,0
DA:1078,0
DA:1079,0
DA:1080,0
DA:1081,0
DA:1082,0
DA:1083,0
DA:1084,0
DA:1085,0
DA:1086,0
DA:1087,0
DA:1088,0
DA:1089,0
DA:1090,0
DA:1091,0
DA:1092,0
DA:1093,0
DA:1094,0
DA:1095,0
DA:1096,0
DA:1097,0
DA:1098,0
DA:1099,0
DA:1100,0
DA:1101,0
DA:1102,0
DA:1103,0
DA:1104,0
DA:1105,0
DA:1106,0
DA:1107,0
DA:1108,0
DA:1109,0
DA:1110,0
DA:1111,0
DA:1112,0
DA:1113,0
DA:1114,0
DA:1115,0
DA:1116,0
DA:1117,0
DA:1118,0
DA:1119,0
DA:1120,0
DA:1121,0
DA:1122,0
DA:1123,0
DA:1124,0
DA:1125,0
DA:1126,0
DA:1127,0
DA:1128,0
DA:1129,0
DA:1130,0
DA:1131,0
DA:1132,0
DA:1133,0
DA:1134,0
DA:1135,0
DA:1136,0
DA:1137,0
DA:1138,0
DA:1139,0
DA:1140,0
DA:1141,0
DA:1142,0
DA:1143,0
DA:1144,0
DA:1145,0
DA:1146,0
DA:1147,0
DA:1148,0
DA:1149,0
DA:1150,0
DA:1151,0
DA:1152,0
DA:1153,0
DA:1154,0
DA:1155,0
DA:1156,0
DA:1157,0
DA:1158,0
DA:1159,0
DA:1160,0
DA:1161,0
DA:1162,0
DA:1163,0
DA:1164,0
DA:1165,0
DA:1166,0
DA:1167,0
DA:1168,0
DA:1169,0
DA:1170,0
DA:1171,0
DA:1172,0
DA:1173,0
DA:1174,0
DA:1175,0
DA:1176,0
DA:1177,0
DA:1178,0
DA:1179,0
DA:1180,0
DA:1181,0
DA:1182,0
DA:1183,0
DA:1184,0
DA:1185,0
DA:1186,0
DA:1187,0
DA:1188,0
DA:1189,0
DA:1190,0
DA:1191,0
DA:1192,0
DA:1193,0
DA:1194,0
DA:1195,0
DA:1196,0
DA:1197,0
DA:1198,0
DA:1199,0
DA:1200,0
DA:1201,0
DA:1202,0
DA:1203,0
DA:1204,0
DA:1205,0
DA:1206,0
DA:1207,0
DA:1208,0
DA:1209,0
DA:1210,0
DA:1211,0
DA:1212,0
DA:1213,0
DA:1214,0
DA:1215,0
DA:1216,0
DA:1217,0
DA:1218,0
DA:1219,0
DA:1220,0
DA:1221,0
DA:1222,0
DA:1223,0
DA:1224,0
DA:1225,0
DA:1226,0
DA:1227,0
DA:1228,0
DA:1229,0
DA:1230,0
DA:1231,0
DA:1232,0
DA:1233,0
DA:1234,0
DA:1235,0
DA:1236,0
DA:1237,0
DA:1238,0
DA:1239,0
DA:1240,0
DA:1241,0
DA:1242,0
DA:1243,0
DA:1244,0
DA:1245,0
DA:1246,0
DA:1247,0
DA:1248,0
DA:1249,0
DA:1250,0
DA:1251,0
DA:1252,0
DA:1253,0
DA:1254,0
DA:1255,0
DA:1256,0
DA:1257,0
DA:1258,0
DA:1259,0
DA:1260,0
DA:1261,0
DA:1262,0
DA:1263,0
DA:1264,0
DA:1265,0
DA:1266,0
DA:1267,0
DA:1268,0
DA:1269,0
DA:1270,0
DA:1271,0
DA:1272,0
DA:1273,0
DA:1274,0
DA:1275,0
DA:1276,0
DA:1277,0
DA:1278,0
DA:1279,0
DA:1280,0
DA:1281,0
DA:1282,0
DA:1283,0
DA:1284,0
DA:1285,0
DA:1286,0
DA:1287,0
DA:1288,0
DA:1289,0
DA:1290,0
DA:1291,0
DA:1292,0
DA:1293,0
DA:1294,0
DA:1295,0
DA:1296,0
DA:1297,0
DA:1298,0
DA:1299,0
DA:1300,0
DA:1301,0
DA:1302,0
DA:1303,0
DA:1304,0
DA:1305,0
DA:1306,0
DA:1307,0
DA:1308,0
DA:1309,0
DA:1310,0
DA:1311,0
DA:1312,0
DA:1313,0
DA:1314,0
DA:1315,0
DA:1316,0
DA:1317,0
DA:1318,0
DA:1319,0
DA:1320,0
DA:1321,0
DA:1322,0
DA:1323,0
DA:1324,0
DA:1325,0
DA:1326,0
DA:1327,0
DA:1328,0
DA:1329,0
DA:1330,0
DA:1331,0
DA:1332,0
DA:1333,0
DA:1334,0
DA:1335,0
DA:1336,0
DA:1337,0
DA:1338,0
DA:1339,0
DA:1340,0
DA:1341,0
DA:1342,0
DA:1343,0
DA:1344,0
DA:1345,0
DA:1346,0
DA:1347,0
DA:1348,0
DA:1349,0
DA:1350,0
DA:1351,0
DA:1352,0
DA:1353,0
DA:1354,0
DA:1355,0
DA:1356,0
DA:1357,0
DA:1358,0
DA:1359,0
DA:1360,0
DA:1361,0
DA:1362,0
DA:1363,0
DA:1364,0
DA:1365,0
DA:1366,0
DA:1367,0
DA:1368,0
DA:1369,0
DA:1370,0
DA:1371,0
DA:1372,0
DA:1373,0
DA:1374,0
DA:1375,0
DA:1376,0
DA:1377,0
DA:1378,0
DA:1379,0
DA:1380,0
DA:1381,0
DA:1382,0
DA:1383,0
DA:1384,0
DA:1385,0
DA:1386,0
DA:1387,0
DA:1388,0
DA:1389,0
DA:1390,0
DA:1391,0
DA:1392,0
DA:1393,0
DA:1394,0
DA:1395,0
DA:1396,0
DA:1397,0
DA:1398,0
DA:1399,0
DA:1400,0
DA:1401,0
DA:1402,0
DA:1403,0
DA:1404,0
DA:1405,0
DA:1406,0
DA:1407,0
DA:1408,0
DA:1409,0
DA:1410,0
DA:1411,0
DA:1412,0
DA:1413,0
DA:1414,0
DA:1415,0
DA:1416,0
DA:1417,0
DA:1418,0
DA:1419,0
DA:1420,0
DA:1421,0
DA:1422,0
DA:1423,0
DA:1424,0
DA:1425,0
DA:1426,0
DA:1427,0
DA:1428,0
DA:1429,0
DA:1430,0
DA:1431,0
DA:1432,0
DA:1433,0
DA:1434,0
DA:1435,0
DA:1436,0
DA:1437,0
DA:1438,0
DA:1439,0
DA:1440,0
DA:1441,0
DA:1442,0
DA:1443,0
DA:1444,0
DA:1445,0
DA:1446,0
DA:1447,0
DA:1448,0
DA:1449,0
DA:1450,0
DA:1451,0
DA:1452,0
DA:1453,0
DA:1454,0
DA:1455,0
DA:1456,0
DA:1457,0
DA:1458,0
DA:1459,0
DA:1460,0
DA:1461,0
DA:1462,0
DA:1463,0
DA:1464,0
DA:1465,0
DA:1466,0
DA:1467,0
DA:1468,0
DA:1469,0
DA:1470,0
DA:1471,0
DA:1472,0
DA:1473,0
DA:1474,0
DA:1475,0
DA:1476,0
DA:1477,0
DA:1478,0
DA:1479,0
DA:1480,0
DA:1481,0
DA:1482,0
DA:1483,0
DA:1484,0
DA:1485,0
DA:1486,0
DA:1487,0
DA:1488,0
DA:1489,0
DA:1490,0
DA:1491,0
DA:1492,0
DA:1493,0
DA:1494,0
DA:1495,0
DA:1496,0
DA:1497,0
DA:1498,0
DA:1499,0
DA:1500,0
DA:1501,0
DA:1502,0
DA:1503,0
DA:1504,0
DA:1505,0
DA:1506,0
DA:1507,0
DA:1508,0
DA:1509,0
DA:1510,0
DA:1511,0
DA:1512,0
DA:1513,0
DA:1514,0
DA:1515,0
DA:1516,0
DA:1517,0
DA:1518,0
DA:1519,0
DA:1520,0
DA:1521,0
DA:1522,0
DA:1523,0
DA:1524,0
DA:1525,0
DA:1526,0
DA:1527,0
DA:1528,0
DA:1529,0
DA:1530,0
DA:1531,0
DA:1532,0
DA:1533,0
DA:1534,0
DA:1535,0
DA:1536,0
DA:1537,0
DA:1538,0
DA:1539,0
DA:1540,0
DA:1541,0
DA:1542,0
DA:1543,0
DA:1544,0
DA:1545,0
DA:1546,0
DA:1547,0
DA:1548,0
DA:1549,0
DA:1550,0
DA:1551,0
DA:1552,0
DA:1553,0
DA:1554,0
DA:1555,0
DA:1556,0
DA:1557,0
DA:1558,0
DA:1559,0
DA:1560,0
DA:1561,0
DA:1562,0
DA:1563,0
DA:1564,0
DA:1565,0
DA:1566,0
DA:1567,0
DA:1568,0
DA:1569,0
DA:1570,0
DA:1571,0
DA:1572,0
DA:1573,0
DA:1574,0
DA:1575,0
DA:1576,0
DA:1577,0
DA:1578,0
DA:1579,0
DA:1580,0
DA:1581,0
DA:1582,0
DA:1583,0
DA:1584,0
DA:1585,0
DA:1586,0
DA:1587,0
DA:1588,0
DA:1589,0
DA:1590,0
DA:1591,0
DA:1592,0
DA:1593,0
DA:1594,0
DA:1595,0
DA:1596,0
DA:1597,0
DA:1598,0
DA:1599,0
DA:1600,0
DA:1601,0
DA:1602,0
DA:1603,0
DA:1604,0
DA:1605,0
DA:1606,0
DA:1607,0
DA:1608,0
DA:1609,0
DA:1610,0
DA:1611,0
DA:1612,0
DA:1613,0
DA:1614,0
DA:1615,0
DA:1616,0
DA:1617,0
DA:1618,0
DA:1619,0
DA:1620,0
DA:1621,0
DA:1622,0
DA:1623,0
DA:1624,0
DA:1625,0
DA:1626,0
DA:1627,0
DA:1628,0
DA:1629,0
DA:1630,0
DA:1631,0
DA:1632,0
DA:1633,0
DA:1634,0
DA:1635,0
DA:1636,0
DA:1637,0
DA:1638,0
DA:1639,0
DA:1640,0
DA:1641,0
DA:1642,0
DA:1643,0
DA:1644,0
DA:1645,0
DA:1646,0
DA:1647,0
DA:1648,0
DA:1649,0
DA:1650,0
DA:1651,0
DA:1652,0
DA:1653,0
DA:1654,0
DA:1655,0
DA:1656,0
DA:1657,0
DA:1658,0
DA:1659,0
DA:1660,0
DA:1661,0
DA:1662,0
DA:1663,0
DA:1664,0
DA:1665,0
DA:1666,0
DA:1667,0
DA:1668,0
DA:1669,0
DA:1670,0
DA:1671,0
DA:1672,0
DA:1673,0
DA:1674,0
DA:1675,0
DA:1676,0
DA:1677,0
DA:1678,0
DA:1679,0
DA:1680,0
DA:1681,0
DA:1682,0
DA:1683,0
DA:1684,0
DA:1685,0
DA:1686,0
DA:1687,0
DA:1688,0
DA:1689,0
DA:1690,0
DA:1691,0
DA:1692,0
DA:1693,0
DA:1694,0
DA:1695,0
DA:1696,0
DA:1697,0
DA:1698,0
DA:1699,0
DA:1700,0
DA:1701,0
DA:1702,0
DA:1703,0
DA:1704,0
DA:1705,0
DA:1706,0
DA:1707,0
DA:1708,0
DA:1709,0
DA:1710,0
DA:1711,0
DA:1712,0
DA:1713,0
DA:1714,0
DA:1715,0
DA:1716,0
DA:1717,0
DA:1718,0
DA:1719,0
DA:1720,0
DA:1721,0
DA:1722,0
DA:1723,0
DA:1724,0
DA:1725,0
DA:1726,0
DA:1727,0
DA:1728,0
DA:1729,0
DA:1730,0
DA:1731,0
DA:1732,0
DA:1733,0
DA:1734,0
DA:1735,0
DA:1736,0
DA:1737,0
DA:1738,0
DA:1739,0
DA:1740,0
DA:1741,0
DA:1742,0
DA:1743,0
DA:1744,0
DA:1745,0
DA:1746,0
DA:1747,0
DA:1748,0
DA:1749,0
DA:1750,0
DA:1751,0
DA:1752,0
DA:1753,0
DA:1754,0
DA:1755,0
DA:1756,0
DA:1757,0
DA:1758,0
DA:1759,0
DA:1760,0
DA:1761,0
DA:1762,0
DA:1763,0
DA:1764,0
DA:1765,0
DA:1766,0
DA:1767,0
DA:1768,0
DA:1769,0
DA:1770,0
DA:1771,0
DA:1772,0
DA:1773,0
DA:1774,0
DA:1775,0
DA:1776,0
DA:1777,0
DA:1778,0
DA:1779,0
DA:1780,0
DA:1781,0
DA:1782,0
DA:1783,0
DA:1784,0
DA:1785,0
DA:1786,0
DA:1787,0
DA:1788,0
DA:1789,0
DA:1790,0
DA:1791,0
DA:1792,0
DA:1793,0
DA:1794,0
DA:1795,0
DA:1796,0
DA:1797,0
DA:1798,0
DA:1799,0
DA:1800,0
DA:1801,0
DA:1802,0
DA:1803,0
DA:1804,0
DA:1805,0
DA:1806,0
DA:1807,0
DA:1808,0
DA:1809,0
DA:1810,0
DA:1811,0
DA:1812,0
DA:1813,0
DA:1814,0
DA:1815,0
DA:1816,0
DA:1817,0
DA:1818,0
DA:1819,0
DA:1820,0
DA:1821,0
DA:1822,0
DA:1823,0
DA:1824,0
DA:1825,0
DA:1826,0
DA:1827,0
DA:1828,0
DA:1829,0
DA:1830,0
DA:1831,0
DA:1832,0
DA:1833,0
DA:1834,0
DA:1835,0
DA:1836,0
DA:1837,0
DA:1838,0
DA:1839,0
DA:1840,0
DA:1841,0
DA:1842,0
DA:1843,0
DA:1844,0
DA:1845,0
DA:1846,0
DA:1847,0
DA:1848,0
DA:1849,0
DA:1850,0
DA:1851,0
DA:1852,0
DA:1853,0
DA:1854,0
DA:1855,0
DA:1856,0
DA:1857,0
DA:1858,0
DA:1859,0
DA:1860,0
DA:1861,0
DA:1862,0
DA:1863,0
DA:1864,0
DA:1865,0
DA:1866,0
DA:1867,0
DA:1868,0
DA:1869,0
DA:1870,0
DA:1871,0
DA:1872,0
DA:1873,0
DA:1874,0
DA:1875,0
DA:1876,0
DA:1877,0
DA:1878,0
DA:1879,0
DA:1880,0
DA:1881,0
DA:1882,0
DA:1883,0
DA:1884,0
DA:1885,0
DA:1886,0
DA:1887,0
DA:1888,0
DA:1889,0
DA:1890,0
DA:1891,0
DA:1892,0
DA:1893,0
DA:1894,0
DA:1895,0
DA:1896,0
DA:1897,0
DA:1898,0
DA:1899,0
DA:1900,0
DA:1901,0
DA:1902,0
DA:1903,0
DA:1904,0
DA:1905,0
DA:1906,0
DA:1907,0
DA:1908,0
DA:1909,0
DA:1910,0
DA:1911,0
DA:1912,0
DA:1913,0
DA:1914,0
DA:1915,0
DA:1916,0
DA:1917,0
DA:1918,0
DA:1919,0
DA:1920,0
DA:1921,0
DA:1922,0
DA:1923,0
DA:1924,0
DA:1925,0
DA:1926,0
DA:1927,0
DA:1928,0
DA:1929,0
DA:1930,0
DA:1931,0
DA:1932,0
DA:1933,0
DA:1934,0
DA:1935,0
DA:1936,0
DA:1937,0
DA:1938,0
DA:1939,0
DA:1940,0
DA:1941,0
DA:1942,0
DA:1943,0
DA:1944,0
DA:1945,0
DA:1946,0
DA:1947,0
DA:1948,0
DA:1949,0
DA:1950,0
DA:1951,0
DA:1952,0
DA:1953,0
DA:1954,0
DA:1955,0
DA:1956,0
DA:1957,0
DA:1958,0
DA:1959,0
DA:1960,0
DA:1961,0
DA:1962,0
DA:1963,0
DA:1964,0
DA:1965,0
DA:1966,0
DA:1967,0
DA:1968,0
DA:1969,0
DA:1970,0
DA:1971,0
DA:1972,0
DA:1973,0
DA:1974,0
DA:1975,0
DA:1976,0
DA:1977,0
DA:1978,0
DA:1979,0
DA:1980,0
DA:1981,0
DA:1982,0
DA:1983,0
DA:1984,0
DA:1985,0
DA:1986,0
DA:1987,0
DA:1988,0
DA:1989,0
DA:1990,0
DA:1991,0
DA:1992,0
DA:1993,0
DA:1994,0
DA:1995,0
DA:1996,0
DA:1997,0
DA:1998,0
DA:1999,0
DA:2000,0
DA:2001,0
DA:2002,0
DA:2003,0
DA:2004,0
DA:2005,0
DA:2006,0
DA:2007,0
DA:2008,0
DA:2009,0
DA:2010,0
DA:2011,0
DA:2012,0
DA:2013,0
DA:2014,0
DA:2015,0
DA:2016,0
DA:2017,0
DA:2018,0
DA:2019,0
DA:2020,0
DA:2021,0
DA:2022,0
DA:2023,0
DA:2024,0
DA:2025,0
DA:2026,0
DA:2027,0
DA:2028,0
DA:2029,0
DA:2030,0
DA:2031,0
DA:2032,0
DA:2033,0
DA:2034,0
DA:2035,0
DA:2036,0
DA:2037,0
DA:2038,0
DA:2039,0
DA:2040,0
DA:2041,0
DA:2042,0
DA:2043,0
DA:2044,0
DA:2045,0
DA:2046,0
DA:2047,0
DA:2048,0
DA:2049,0
DA:2050,0
DA:2051,0
DA:2052,0
DA:2053,0
DA:2054,0
DA:2055,0
DA:2056,0
DA:2057,0
DA:2058,0
DA:2059,0
DA:2060,0
DA:2061,0
DA:2062,0
DA:2063,0
DA:2064,0
DA:2065,0
DA:2066,0
DA:2067,0
DA:2068,0
DA:2069,0
DA:2070,0
DA:2071,0
DA:2072,0
DA:2073,0
DA:2074,0
DA:2075,0
DA:2076,0
DA:2077,0
DA:2078,0
DA:2079,0
DA:2080,0
DA:2081,0
DA:2082,0
DA:2083,0
DA:2084,0
DA:2085,0
DA:2086,0
DA:2087,0
DA:2088,0
DA:2089,0
DA:2090,0
DA:2091,0
DA:2092,0
DA:2093,0
DA:2094,0
DA:2095,0
DA:2096,0
DA:2097,0
DA:2098,0
DA:2099,0
DA:2100,0
DA:2101,0
DA:2102,0
DA:2103,0
DA:2104,0
DA:2105,0
DA:2106,0
DA:2107,0
DA:2108,0
DA:2109,0
DA:2110,0
DA:2111,0
DA:2112,0
DA:2113,0
DA:2114,0
DA:2115,0
DA:2116,0
DA:2117,0
DA:2118,0
DA:2119,0
DA:2120,0
DA:2121,0
DA:2122,0
DA:2123,0
DA:2124,0
DA:2125,0
DA:2126,0
DA:2127,0
DA:2128,0
DA:2129,0
DA:2130,0
DA:2131,0
DA:2132,0
DA:2133,0
DA:2134,0
DA:2135,0
DA:2136,0
DA:2137,0
DA:2138,0
DA:2139,0
DA:2140,0
DA:2141,0
DA:2142,0
DA:2143,0
DA:2144,0
DA:2145,0
DA:2146,0
DA:2147,0
DA:2148,0
DA:2149,0
DA:2150,0
DA:2151,0
DA:2152,0
DA:2153,0
DA:2154,0
DA:2155,0
DA:2156,0
DA:2157,0
DA:2158,0
DA:2159,0
DA:2160,0
DA:2161,0
DA:2162,0
DA:2163,0
DA:2164,0
DA:2165,0
DA:2166,0
DA:2167,0
DA:2168,0
DA:2169,0
DA:2170,0
DA:2171,0
DA:2172,0
DA:2173,0
DA:2174,0
DA:2175,0
DA:2176,0
DA:2177,0
DA:2178,0
DA:2179,0
DA:2180,0
DA:2181,0
DA:2182,0
DA:2183,0
DA:2184,0
DA:2185,0
DA:2186,0
DA:2187,0
DA:2188,0
DA:2189,0
DA:2190,0
DA:2191,0
DA:2192,0
DA:2193,0
DA:2194,0
DA:2195,0
DA:2196,0
DA:2197,0
DA:2198,0
DA:2199,0
DA:2200,0
DA:2201,0
DA:2202,0
DA:2203,0
DA:2204,0
DA:2205,0
DA:2206,0
DA:2207,0
DA:2208,0
DA:2209,0
DA:2210,0
DA:2211,0
DA:2212,0
DA:2213,0
DA:2214,0
DA:2215,0
DA:2216,0
DA:2217,0
DA:2218,0
DA:2219,0
DA:2220,0
DA:2221,0
DA:2222,0
DA:2223,0
DA:2224,0
DA:2225,0
DA:2226,0
DA:2227,0
DA:2228,0
DA:2229,0
DA:2230,0
DA:2231,0
DA:2232,0
DA:2233,0
DA:2234,0
DA:2235,0
DA:2236,0
DA:2237,0
DA:2238,0
DA:2239,0
DA:2240,0
DA:2241,0
DA:2242,0
DA:2243,0
DA:2244,0
DA:2245,0
DA:2246,0
DA:2247,0
DA:2248,0
DA:2249,0
DA:2250,0
DA:2251,0
DA:2252,0
DA:2253,0
DA:2254,0
DA:2255,0
DA:2256,0
DA:2257,0
DA:2258,0
DA:2259,0
DA:2260,0
DA:2261,0
DA:2262,0
DA:2263,0
DA:2264,0
DA:2265,0
DA:2266,0
DA:2267,0
DA:2268,0
DA:2269,0
DA:2270,0
DA:2271,0
DA:2272,0
DA:2273,0
DA:2274,0
DA:2275,0
DA:2276,0
DA:2277,0
DA:2278,0
DA:2279,0
DA:2280,0
DA:2281,0
DA:2282,0
DA:2283,0
DA:2284,0
DA:2285,0
DA:2286,0
DA:2287,0
DA:2288,0
DA:2289,0
DA:2290,0
DA:2291,0
DA:2292,0
DA:2293,0
DA:2294,0
DA:2295,0
DA:2296,0
DA:2297,0
DA:2298,0
DA:2299,0
DA:2300,0
DA:2301,0
DA:2302,0
DA:2303,0
DA:2304,0
DA:2305,0
DA:2306,0
DA:2307,0
DA:2308,0
DA:2309,0
DA:2310,0
DA:2311,0
DA:2312,0
DA:2313,0
DA:2314,0
DA:2315,0
DA:2316,0
DA:2317,0
DA:2318,0
DA:2319,0
DA:2320,0
DA:2321,0
DA:2322,0
DA:2323,0
DA:2324,0
DA:2325,0
DA:2326,0
DA:2327,0
DA:2328,0
DA:2329,0
DA:2330,0
DA:2331,0
DA:2332,0
DA:2333,0
DA:2334,0
DA:2335,0
DA:2336,0
DA:2337,0
DA:2338,0
DA:2339,0
DA:2340,0
DA:2341,0
DA:2342,0
DA:2343,0
DA:2344,0
DA:2345,0
DA:2346,0
DA:2347,0
DA:2348,0
DA:2349,0
DA:2350,0
DA:2351,0
DA:2352,0
DA:2353,0
DA:2354,0
DA:2355,0
DA:2356,0
DA:2357,0
DA:2358,0
DA:2359,0
DA:2360,0
DA:2361,0
DA:2362,0
DA:2363,0
DA:2364,0
DA:2365,0
DA:2366,0
DA:2367,0
DA:2368,0
DA:2369,0
DA:2370,0
DA:2371,0
DA:2372,0
DA:2373,0
DA:2374,0
DA:2375,0
DA:2376,0
DA:2377,0
DA:2378,0
DA:2379,0
DA:2380,0
DA:2381,0
DA:2382,0
DA:2383,0
DA:2384,0
DA:2385,0
DA:2386,0
DA:2387,0
DA:2388,0
DA:2389,0
DA:2390,0
DA:2391,0
DA:2392,0
DA:2393,0
DA:2394,0
DA:2395,0
DA:2396,0
DA:2397,0
DA:2398,0
DA:2399,0
DA:2400,0
DA:2401,0
DA:2402,0
DA:2403,0
DA:2404,0
DA:2405,0
DA:2406,0
DA:2407,0
DA:2408,0
DA:2409,0
DA:2410,0
DA:2411,0
DA:2412,0
DA:2413,0
DA:2414,0
DA:2415,0
DA:2416,0
DA:2417,0
DA:2418,0
DA:2419,0
DA:2420,0
DA:2421,0
DA:2422,0
DA:2423,0
DA:2424,0
DA:2425,0
DA:2426,0
DA:2427,0
DA:2428,0
DA:2429,0
DA:2430,0
DA:2431,0
DA:2432,0
DA:2433,0
DA:2434,0
DA:2435,0
DA:2436,0
DA:2437,0
DA:2438,0
DA:2439,0
DA:2440,0
DA:2441,0
DA:2442,0
DA:2443,0
DA:2444,0
DA:2445,0
DA:2446,0
DA:2447,0
DA:2448,0
DA:2449,0
DA:2450,0
DA:2451,0
DA:2452,0
DA:2453,0
DA:2454,0
DA:2455,0
DA:2456,0
DA:2457,0
DA:2458,0
DA:2459,0
DA:2460,0
DA:2461,0
DA:2462,0
DA:2463,0
DA:2464,0
DA:2465,0
DA:2466,0
DA:2467,0
DA:2468,0
DA:2469,0
DA:2470,0
DA:2471,0
DA:2472,0
DA:2473,0
DA:2474,0
DA:2475,0
DA:2476,0
DA:2477,0
DA:2478,0
DA:2479,0
DA:2480,0
DA:2481,0
DA:2482,0
DA:2483,0
DA:2484,0
DA:2485,0
DA:2486,0
DA:2487,0
DA:2488,0
DA:2489,0
DA:2490,0
DA:2491,0
DA:2492,0
DA:2493,0
DA:2494,0
DA:2495,0
DA:2496,0
DA:2497,0
DA:2498,0
DA:2499,0
DA:2500,0
DA:2501,0
DA:2502,0
DA:2503,0
DA:2504,0
DA:2505,0
DA:2506,0
DA:2507,0
DA:2508,0
DA:2509,0
DA:2510,0
DA:2511,0
DA:2512,0
DA:2513,0
DA:2514,0
DA:2515,0
DA:2516,0
DA:2517,0
DA:2518,0
DA:2519,0
DA:2520,0
DA:2521,0
DA:2522,0
DA:2523,0
DA:2524,0
DA:2525,0
DA:2526,0
DA:2527,0
DA:2528,0
DA:2529,0
DA:2530,0
DA:2531,0
DA:2532,0
DA:2533,0
DA:2534,0
DA:2535,0
DA:2536,0
DA:2537,0
DA:2538,0
DA:2539,0
DA:2540,0
DA:2541,0
DA:2542,0
DA:2543,0
DA:2544,0
DA:2545,0
DA:2546,0
DA:2547,0
DA:2548,0
DA:2549,0
DA:2550,0
DA:2551,0
DA:2552,0
DA:2553,0
DA:2554,0
DA:2555,0
DA:2556,0
DA:2557,0
DA:2558,0
DA:2559,0
DA:2560,0
DA:2561,0
DA:2562,0
DA:2563,0
DA:2564,0
DA:2565,0
DA:2566,0
DA:2567,0
DA:2568,0
DA:2569,0
DA:2570,0
DA:2571,0
DA:2572,0
DA:2573,0
DA:2574,0
DA:2575,0
DA:2576,0
DA:2577,0
DA:2578,0
DA:2579,0
DA:2580,0
DA:2581,0
DA:2582,0
DA:2583,0
DA:2584,0
DA:2585,0
DA:2586,0
DA:2587,0
DA:2588,0
DA:2589,0
DA:2590,0
DA:2591,0
DA:2592,0
DA:2593,0
DA:2594,0
DA:2595,0
DA:2596,0
DA:2597,0
DA:2598,0
DA:2599,0
DA:2600,0
DA:2601,0
DA:2602,0
DA:2603,0
DA:2604,0
DA:2605,0
DA:2606,0
DA:2607,0
DA:2608,0
DA:2609,0
DA:2610,0
DA:2611,0
DA:2612,0
DA:2613,0
DA:2614,0
DA:2615,0
DA:2616,0
DA:2617,0
DA:2618,0
DA:2619,0
DA:2620,0
DA:2621,0
DA:2622,0
DA:2623,0
DA:2624,0
DA:2625,0
DA:2626,0
DA:2627,0
DA:2628,0
DA:2629,0
DA:2630,0
DA:2631,0
DA:2632,0
DA:2633,0
DA:2634,0
DA:2635,0
DA:2636,0
DA:2637,0
DA:2638,0
DA:2639,0
DA:2640,0
DA:2641,0
DA:2642,0
DA:2643,0
DA:2644,0
DA:2645,0
DA:2646,0
DA:2647,0
DA:2648,0
DA:2649,0
DA:2650,0
DA:2651,0
DA:2652,0
DA:2653,0
DA:2654,0
DA:2655,0
DA:2656,0
DA:2657,0
DA:2658,0
DA:2659,0
DA:2660,0
DA:2661,0
DA:2662,0
DA:2663,0
DA:2664,0
DA:2665,0
DA:2666,0
DA:2667,0
DA:2668,0
DA:2669,0
DA:2670,0
DA:2671,0
DA:2672,0
DA:2673,0
DA:2674,0
DA:2675,0
DA:2676,0
DA:2677,0
DA:2678,0
DA:2679,0
DA:2680,0
DA:2681,0
DA:2682,0
DA:2683,0
DA:2684,0
DA:2685,0
DA:2686,0
DA:2687,0
DA:2688,0
DA:2689,0
DA:2690,0
DA:2691,0
DA:2692,0
DA:2693,0
DA:2694,0
DA:2695,0
DA:2696,0
DA:2697,0
DA:2698,0
DA:2699,0
DA:2700,0
DA:2701,0
DA:2702,0
DA:2703,0
DA:2704,0
DA:2705,0
DA:2706,0
DA:2707,0
DA:2708,0
DA:2709,0
DA:2710,0
DA:2711,0
DA:2712,0
DA:2713,0
DA:2714,0
DA:2715,0
DA:2716,0
DA:2717,0
DA:2718,0
DA:2719,0
DA:2720,0
DA:2721,0
DA:2722,0
DA:2723,0
DA:2724,0
DA:2725,0
DA:2726,0
DA:2727,0
DA:2728,0
DA:2729,0
DA:2730,0
DA:2731,0
DA:2732,0
DA:2733,0
DA:2734,0
DA:2735,0
DA:2736,0
DA:2737,0
DA:2738,0
DA:2739,0
DA:2740,0
DA:2741,0
DA:2742,0
DA:2743,0
DA:2744,0
DA:2745,0
DA:2746,0
DA:2747,0
DA:2748,0
DA:2749,0
DA:2750,0
DA:2751,0
DA:2752,0
DA:2753,0
DA:2754,0
DA:2755,0
DA:2756,0
DA:2757,0
DA:2758,0
DA:2759,0
DA:2760,0
DA:2761,0
DA:2762,0
DA:2763,0
DA:2764,0
DA:2765,0
DA:2766,0
DA:2767,0
DA:2768,0
DA:2769,0
DA:2770,0
DA:2771,0
DA:2772,0
DA:2773,0
DA:2774,0
DA:2775,0
DA:2776,0
DA:2777,0
DA:2778,0
DA:2779,0
DA:2780,0
DA:2781,0
DA:2782,0
DA:2783,0
DA:2784,0
DA:2785,0
DA:2786,0
DA:2787,0
DA:2788,0
DA:2789,0
DA:2790,0
DA:2791,0
DA:2792,0
DA:2793,0
DA:2794,0
DA:2795,0
DA:2796,0
DA:2797,0
DA:2798,0
DA:2799,0
DA:2800,0
DA:2801,0
DA:2802,0
DA:2803,0
DA:2804,0
DA:2805,0
DA:2806,0
DA:2807,0
DA:2808,0
DA:2809,0
DA:2810,0
DA:2811,0
DA:2812,0
DA:2813,0
DA:2814,0
DA:2815,0
DA:2816,0
DA:2817,0
DA:2818,0
DA:2819,0
DA:2820,0
DA:2821,0
DA:2822,0
DA:2823,0
DA:2824,0
DA:2825,0
DA:2826,0
DA:2827,0
DA:2828,0
DA:2829,0
DA:2830,0
DA:2831,0
DA:2832,0
DA:2833,0
DA:2834,0
DA:2835,0
DA:2836,0
DA:2837,0
DA:2838,0
DA:2839,0
DA:2840,0
DA:2841,0
DA:2842,0
DA:2843,0
DA:2844,0
DA:2845,0
DA:2846,0
DA:2847,0
DA:2848,0
DA:2849,0
DA:2850,0
DA:2851,0
DA:2852,0
DA:2853,0
DA:2854,0
DA:2855,0
DA:2856,0
DA:2857,0
DA:2858,0
DA:2859,0
DA:2860,0
DA:2861,0
DA:2862,0
DA:2863,0
DA:2864,0
DA:2865,0
DA:2866,0
DA:2867,0
DA:2868,0
DA:2869,0
DA:2870,0
DA:2871,0
DA:2872,0
DA:2873,0
DA:2874,0
DA:2875,0
DA:2876,0
DA:2877,0
DA:2878,0
DA:2879,0
DA:2880,0
DA:2881,0
DA:2882,0
DA:2883,0
DA:2884,0
DA:2885,0
DA:2886,0
DA:2887,0
DA:2888,0
DA:2889,0
DA:2890,0
DA:2891,0
DA:2892,0
DA:2893,0
DA:2894,0
DA:2895,0
DA:2896,0
DA:2897,0
DA:2898,0
DA:2899,0
DA:2900,0
DA:2901,0
DA:2902,0
DA:2903,0
DA:2904,0
DA:2905,0
DA:2906,0
DA:2907,0
DA:2908,0
DA:2909,0
DA:2910,0
DA:2911,0
DA:2912,0
DA:2913,0
DA:2914,0
DA:2915,0
DA:2916,0
DA:2917,0
DA:2918,0
DA:2919,0
DA:2920,0
DA:2921,0
DA:2922,0
DA:2923,0
DA:2924,0
DA:2925,0
DA:2926,0
DA:2927,0
DA:2928,0
DA:2929,0
DA:2930,0
DA:2931,0
DA:2932,0
DA:2933,0
DA:2934,0
DA:2935,0
DA:2936,0
DA:2937,0
DA:2938,0
DA:2939,0
DA:2940,0
DA:2941,0
DA:2942,0
DA:2943,0
DA:2944,0
DA:2945,0
DA:2946,0
DA:2947,0
DA:2948,0
DA:2949,0
DA:2950,0
DA:2951,0
DA:2952,0
DA:2953,0
DA:2954,0
DA:2955,0
DA:2956,0
DA:2957,0
DA:2958,0
DA:2959,0
DA:2960,0
DA:2961,0
DA:2962,0
DA:2963,0
DA:2964,0
DA:2965,0
DA:2966,0
DA:2967,0
DA:2968,0
DA:2969,0
DA:2970,0
DA:2971,0
DA:2972,0
DA:2973,0
DA:2974,0
DA:2975,0
DA:2976,0
DA:2977,0
DA:2978,0
DA:2979,0
DA:2980,0
DA:2981,0
DA:2982,0
DA:2983,0
DA:2984,0
DA:2985,0
DA:2986,0
DA:2987,0
DA:2988,0
DA:2989,0
DA:2990,0
DA:2991,0
DA:2992,0
DA:2993,0
DA:2994,0
DA:2995,0
DA:2996,0
DA:2997,0
DA:2998,0
DA:2999,0
DA:3000,0
DA:3001,0
DA:3002,0
DA:3003,0
DA:3004,0
DA:3005,0
DA:3006,0
DA:3007,0
DA:3008,0
DA:3009,0
DA:3010,0
DA:3011,0
DA:3012,0
DA:3013,0
DA:3014,0
DA:3015,0
DA:3016,0
DA:3017,0
DA:3018,0
DA:3019,0
DA:3020,0
DA:3021,0
DA:3022,0
DA:3023,0
DA:3024,0
DA:3025,0
DA:3026,0
DA:3027,0
DA:3028,0
DA:3029,0
DA:3030,0
DA:3031,0
DA:3032,0
DA:3033,0
DA:3034,0
DA:3035,0
DA:3036,0
DA:3037,0
DA:3038,0
DA:3039,0
DA:3040,0
DA:3041,0
DA:3042,0
DA:3043,0
DA:3044,0
DA:3045,0
DA:3046,0
DA:3047,0
DA:3048,0
DA:3049,0
DA:3050,0
DA:3051,0
DA:3052,0
DA:3053,0
DA:3054,0
DA:3055,0
DA:3056,0
DA:3057,0
DA:3058,0
DA:3059,0
DA:3060,0
DA:3061,0
DA:3062,0
DA:3063,0
DA:3064,0
DA:3065,0
DA:3066,0
DA:3067,0
DA:3068,0
DA:3069,0
DA:3070,0
DA:3071,0
DA:3072,0
DA:3073,0
DA:3074,0
DA:3075,0
DA:3076,0
DA:3077,0
DA:3078,0
DA:3079,0
DA:3080,0
DA:3081,0
DA:3082,0
DA:3083,0
DA:3084,0
DA:3085,0
DA:3086,0
DA:3087,0
DA:3088,0
DA:3089,0
DA:3090,0
DA:3091,0
DA:3092,0
DA:3093,0
DA:3094,0
DA:3095,0
DA:3096,0
DA:3097,0
DA:3098,0
DA:3099,0
DA:3100,0
DA:3101,0
DA:3102,0
DA:3103,0
DA:3104,0
DA:3105,0
DA:3106,0
DA:3107,0
DA:3108,0
DA:3109,0
DA:3110,0
DA:3111,0
DA:3112,0
DA:3113,0
DA:3114,0
DA:3115,0
DA:3116,0
DA:3117,0
DA:3118,0
DA:3119,0
DA:3120,0
DA:3121,0
DA:3122,0
DA:3123,0
DA:3124,0
DA:3125,0
DA:3126,0
DA:3127,0
DA:3128,0
DA:3129,0
DA:3130,0
DA:3131,0
DA:3132,0
DA:3133,0
DA:3134,0
DA:3135,0
DA:3136,0
DA:3137,0
DA:3138,0
DA:3139,0
DA:3140,0
DA:3141,0
DA:3142,0
DA:3143,0
DA:3144,0
DA:3145,0
DA:3146,0
DA:3147,0
DA:3148,0
DA:3149,0
DA:3150,0
DA:3151,0
DA:3152,0
DA:3153,0
DA:3154,0
DA:3155,0
DA:3156,0
DA:3157,0
DA:3158,0
DA:3159,0
DA:3160,0
DA:3161,0
DA:3162,0
DA:3163,0
DA:3164,0
DA:3165,0
DA:3166,0
DA:3167,0
DA:3168,0
DA:3169,0
DA:3170,0
DA:3171,0
DA:3172,0
DA:3173,0
DA:3174,0
DA:3175,0
DA:3176,0
DA:3177,0
DA:3178,0
DA:3179,0
DA:3180,0
DA:3181,0
DA:3182,0
DA:3183,0
DA:3184,0
DA:3185,0
DA:3186,0
DA:3187,0
DA:3188,0
DA:3189,0
DA:3190,0
DA:3191,0
DA:3192,0
DA:3193,0
DA:3194,0
DA:3195,0
DA:3196,0
DA:3197,0
DA:3198,0
DA:3199,0
DA:3200,0
DA:3201,0
DA:3202,0
DA:3203,0
DA:3204,0
DA:3205,0
DA:3206,0
DA:3207,0
DA:3208,0
DA:3209,0
DA:3210,0
DA:3211,0
DA:3212,0
DA:3213,0
DA:3214,0
DA:3215,0
DA:3216,0
DA:3217,0
DA:3218,0
DA:3219,0
DA:3220,0
DA:3221,0
DA:3222,0
DA:3223,0
DA:3224,0
DA:3225,0
DA:3226,0
DA:3227,0
DA:3228,0
DA:3229,0
DA:3230,0
DA:3231,0
DA:3232,0
DA:3233,0
DA:3234,0
DA:3235,0
DA:3236,0
DA:3237,0
DA:3238,0
DA:3239,0
DA:3240,0
DA:3241,0
DA:3242,0
DA:3243,0
DA:3244,0
DA:3245,0
DA:3246,0
DA:3247,0
DA:3248,0
DA:3249,0
DA:3250,0
DA:3251,0
DA:3252,0
DA:3253,0
DA:3254,0
DA:3255,0
DA:3256,0
DA:3257,0
DA:3258,0
DA:3259,0
DA:3260,0
DA:3261,0
DA:3262,0
DA:3263,0
DA:3264,0
DA:3265,0
DA:3266,0
DA:3267,0
DA:3268,0
DA:3269,0
DA:3270,0
DA:3271,0
DA:3272,0
DA:3273,0
DA:3274,0
DA:3275,0
DA:3276,0
DA:3277,0
DA:3278,0
DA:3279,0
DA:3280,0
DA:3281,0
DA:3282,0
DA:3283,0
DA:3284,0
DA:3285,0
DA:3286,0
DA:3287,0
DA:3288,0
DA:3289,0
DA:3290,0
DA:3291,0
DA:3292,0
DA:3293,0
DA:3294,0
DA:3295,0
DA:3296,0
DA:3297,0
DA:3298,0
DA:3299,0
DA:3300,0
DA:3301,0
DA:3302,0
DA:3303,0
DA:3304,0
DA:3305,0
DA:3306,0
DA:3307,0
DA:3308,0
DA:3309,0
DA:3310,0
DA:3311,0
DA:3312,0
DA:3313,0
DA:3314,0
DA:3315,0
DA:3316,0
DA:3317,0
DA:3318,0
DA:3319,0
DA:3320,0
DA:3321,0
DA:3322,0
DA:3323,0
DA:3324,0
DA:3325,0
DA:3326,0
DA:3327,0
DA:3328,0
DA:3329,0
DA:3330,0
DA:3331,0
DA:3332,0
DA:3333,0
DA:3334,0
DA:3335,0
DA:3336,0
DA:3337,0
DA:3338,0
DA:3339,0
DA:3340,0
DA:3341,0
DA:3342,0
DA:3343,0
DA:3344,0
DA:3345,0
DA:3346,0
DA:3347,0
DA:3348,0
DA:3349,0
DA:3350,0
DA:3351,0
DA:3352,0
DA:3353,0
DA:3354,0
DA:3355,0
DA:3356,0
DA:3357,0
DA:3358,0
DA:3359,0
DA:3360,0
DA:3361,0
DA:3362,0
DA:3363,0
DA:3364,0
DA:3365,0
DA:3366,0
DA:3367,0
DA:3368,0
DA:3369,0
DA:3370,0
DA:3371,0
DA:3372,0
DA:3373,0
DA:3374,0
DA:3375,0
DA:3376,0
DA:3377,0
DA:3378,0
DA:3379,0
DA:3380,0
DA:3381,0
DA:3382,0
DA:3383,0
DA:3384,0
DA:3385,0
DA:3386,0
DA:3387,0
DA:3388,0
DA:3389,0
DA:3390,0
DA:3391,0
DA:3392,0
DA:3393,0
DA:3394,0
DA:3395,0
DA:3396,0
DA:3397,0
DA:3398,0
DA:3399,0
DA:3400,0
DA:3401,0
DA:3402,0
DA:3403,0
DA:3404,0
DA:3405,0
DA:3406,0
DA:3407,0
DA:3408,0
DA:3409,0
DA:3410,0
DA:3411,0
DA:3412,0
DA:3413,0
DA:3414,0
DA:3415,0
DA:3416,0
DA:3417,0
DA:3418,0
DA:3419,0
DA:3420,0
DA:3421,0
DA:3422,0
DA:3423,0
DA:3424,0
DA:3425,0
DA:3426,0
DA:3427,0
DA:3428,0
DA:3429,0
DA:3430,0
DA:3431,0
DA:3432,0
DA:3433,0
DA:3434,0
DA:3435,0
DA:3436,0
DA:3437,0
DA:3438,0
DA:3439,0
DA:3440,0
DA:3441,0
DA:3442,0
DA:3443,0
DA:3444,0
DA:3445,0
DA:3446,0
DA:3447,0
DA:3448,0
DA:3449,0
DA:3450,0
DA:3451,0
DA:3452,0
DA:3453,0
DA:3454,0
DA:3455,0
DA:3456,0
DA:3457,0
DA:3458,0
DA:3459,0
DA:3460,0
DA:3461,0
DA:3462,0
DA:3463,0
DA:3464,0
DA:3465,0
DA:3466,0
DA:3467,0
DA:3468,0
DA:3469,0
DA:3470,0
DA:3471,0
DA:3472,0
DA:3473,0
DA:3474,0
DA:3475,0
DA:3476,0
DA:3477,0
DA:3478,0
DA:3479,0
DA:3480,0
DA:3481,0
DA:3482,0
DA:3483,0
DA:3484,0
DA:3485,0
DA:3486,0
DA:3487,0
DA:3488,0
DA:3489,0
DA:3490,0
DA:3491,0
DA:3492,0
DA:3493,0
DA:3494,0
DA:3495,0
DA:3496,0
DA:3497,0
DA:3498,0
DA:3499,0
DA:3500,0
DA:3501,0
DA:3502,0
DA:3503,0
DA:3504,0
DA:3505,0
DA:3506,0
DA:3507,0
DA:3508,0
DA:3509,0
DA:3510,0
DA:3511,0
DA:3512,0
DA:3513,0
DA:3514,0
DA:3515,0
DA:3516,0
DA:3517,0
DA:3518,0
DA:3519,0
DA:3520,0
DA:3521,0
DA:3522,0
DA:3523,0
DA:3524,0
DA:3525,0
DA:3526,0
DA:3527,0
DA:3528,0
DA:3529,0
DA:3530,0
DA:3531,0
DA:3532,0
DA:3533,0
DA:3534,0
DA:3535,0
DA:3536,0
DA:3537,0
DA:3538,0
DA:3539,0
DA:3540,0
DA:3541,0
DA:3542,0
DA:3543,0
DA:3544,0
DA:3545,0
DA:3546,0
DA:3547,0
DA:3548,0
DA:3549,0
DA:3550,0
DA:3551,0
DA:3552,0
DA:3553,0
DA:3554,0
DA:3555,0
DA:3556,0
DA:3557,0
DA:3558,0
DA:3559,0
DA:3560,0
DA:3561,0
DA:3562,0
DA:3563,0
DA:3564,0
DA:3565,0
DA:3566,0
DA:3567,0
DA:3568,0
DA:3569,0
DA:3570,0
DA:3571,0
DA:3572,0
DA:3573,0
DA:3574,0
DA:3575,0
DA:3576,0
DA:3577,0
DA:3578,0
DA:3579,0
DA:3580,0
DA:3581,0
DA:3582,0
DA:3583,0
DA:3584,0
DA:3585,0
DA:3586,0
DA:3587,0
DA:3588,0
DA:3589,0
DA:3590,0
DA:3591,0
DA:3592,0
DA:3593,0
DA:3594,0
DA:3595,0
DA:3596,0
DA:3597,0
DA:3598,0
DA:3599,0
DA:3600,0
DA:3601,0
DA:3602,0
DA:3603,0
DA:3604,0
DA:3605,0
DA:3606,0
DA:3607,0
DA:3608,0
DA:3609,0
DA:3610,0
DA:3611,0
DA:3612,0
DA:3613,0
DA:3614,0
DA:3615,0
DA:3616,0
DA:3617,0
DA:3618,0
DA:3619,0
DA:3620,0
DA:3621,0
DA:3622,0
DA:3623,0
DA:3624,0
DA:3625,0
DA:3626,0
DA:3627,0
DA:3628,0
DA:3629,0
DA:3630,0
DA:3631,0
DA:3632,0
DA:3633,0
DA:3634,0
DA:3635,0
DA:3636,0
DA:3637,0
DA:3638,0
DA:3639,0
DA:3640,0
DA:3641,0
DA:3642,0
DA:3643,0
DA:3644,0
DA:3645,0
DA:3646,0
DA:3647,0
DA:3648,0
DA:3649,0
DA:3650,0
DA:3651,0
DA:3652,0
DA:3653,0
DA:3654,0
DA:3655,0
DA:3656,0
DA:3657,0
DA:3658,0
DA:3659,0
DA:3660,0
DA:3661,0
DA:3662,0
DA:3663,0
DA:3664,0
DA:3665,0
DA:3666,0
DA:3667,0
DA:3668,0
DA:3669,0
DA:3670,0
DA:3671,0
DA:3672,0
DA:3673,0
DA:3674,0
DA:3675,0
DA:3676,0
DA:3677,0
DA:3678,0
DA:3679,0
DA:3680,0
DA:3681,0
DA:3682,0
DA:3683,0
DA:3684,0
DA:3685,0
DA:3686,0
DA:3687,0
DA:3688,0
DA:3689,0
DA:3690,0
DA:3691,0
DA:3692,0
DA:3693,0
DA:3694,0
DA:3695,0
DA:3696,0
DA:3697,0
DA:3698,0
DA:3699,0
DA:3700,0
DA:3701,0
DA:3702,0
DA:3703,0
DA:3704,0
DA:3705,0
DA:3706,0
DA:3707,0
DA:3708,0
DA:3709,0
DA:3710,0
DA:3711,0
DA:3712,0
DA:3713,0
DA:3714,0
DA:3715,0
DA:3716,0
DA:3717,0
DA:3718,0
DA:3719,0
DA:3720,0
DA:3721,0
DA:3722,0
DA:3723,0
DA:3724,0
DA:3725,0
DA:3726,0
DA:3727,0
DA:3728,0
DA:3729,0
DA:3730,0
DA:3731,0
DA:3732,0
DA:3733,0
DA:3734,0
DA:3735,0
DA:3736,0
DA:3737,0
DA:3738,0
DA:3739,0
DA:3740,0
DA:3741,0
DA:3742,0
DA:3743,0
DA:3744,0
DA:3745,0
DA:3746,0
DA:3747,0
DA:3748,0
DA:3749,0
DA:3750,0
DA:3751,0
DA:3752,0
DA:3753,0
DA:3754,0
DA:3755,0
DA:3756,0
DA:3757,0
DA:3758,0
DA:3759,0
DA:3760,0
DA:3761,0
DA:3762,0
DA:3763,0
DA:3764,0
DA:3765,0
DA:3766,0
DA:3767,0
DA:3768,0
DA:3769,0
DA:3770,0
DA:3771,0
DA:3772,0
DA:3773,0
DA:3774,0
DA:3775,0
DA:3776,0
DA:3777,0
DA:3778,0
DA:3779,0
DA:3780,0
DA:3781,0
DA:3782,0
DA:3783,0
DA:3784,0
DA:3785,0
DA:3786,0
DA:3787,0
DA:3788,0
DA:3789,0
DA:3790,0
DA:3791,0
DA:3792,0
DA:3793,0
DA:3794,0
DA:3795,0
DA:3796,0
DA:3797,0
DA:3798,0
DA:3799,0
DA:3800,0
DA:3801,0
DA:3802,0
DA:3803,0
DA:3804,0
DA:3805,0
DA:3806,0
DA:3807,0
DA:3808,0
DA:3809,0
DA:3810,0
DA:3811,0
DA:3812,0
DA:3813,0
DA:3814,0
DA:3815,0
DA:3816,0
DA:3817,0
DA:3818,0
DA:3819,0
DA:3820,0
DA:3821,0
DA:3822,0
DA:3823,0
DA:3824,0
DA:3825,0
DA:3826,0
DA:3827,0
DA:3828,0
DA:3829,0
DA:3830,0
DA:3831,0
DA:3832,0
DA:3833,0
DA:3834,0
DA:3835,0
DA:3836,0
DA:3837,0
DA:3838,0
DA:3839,0
DA:3840,0
DA:3841,0
DA:3842,0
DA:3843,0
DA:3844,0
DA:3845,0
DA:3846,0
DA:3847,0
DA:3848,0
DA:3849,0
DA:3850,0
DA:3851,0
DA:3852,0
DA:3853,0
DA:3854,0
DA:3855,0
DA:3856,0
DA:3857,0
DA:3858,0
DA:3859,0
DA:3860,0
DA:3861,0
DA:3862,0
DA:3863,0
DA:3864,0
DA:3865,0
DA:3866,0
DA:3867,0
DA:3868,0
DA:3869,0
DA:3870,0
DA:3871,0
DA:3872,0
DA:3873,0
DA:3874,0
DA:3875,0
DA:3876,0
DA:3877,0
DA:3878,0
DA:3879,0
DA:3880,0
DA:3881,0
DA:3882,0
DA:3883,0
DA:3884,0
DA:3885,0
DA:3886,0
DA:3887,0
DA:3888,0
DA:3889,0
DA:3890,0
DA:3891,0
DA:3892,0
DA:3893,0
DA:3894,0
DA:3895,0
DA:3896,0
DA:3897,0
DA:3898,0
DA:3899,0
DA:3900,0
DA:3901,0
DA:3902,0
DA:3903,0
DA:3904,0
DA:3905,0
DA:3906,0
DA:3907,0
DA:3908,0
DA:3909,0
DA:3910,0
DA:3911,0
DA:3912,0
DA:3913,0
DA:3914,0
DA:3915,0
DA:3916,0
DA:3917,0
DA:3918,0
DA:3919,0
DA:3920,0
DA:3921,0
DA:3922,0
DA:3923,0
DA:3924,0
DA:3925,0
DA:3926,0
DA:3927,0
DA:3928,0
DA:3929,0
DA:3930,0
DA:3931,0
DA:3932,0
DA:3933,0
DA:3934,0
DA:3935,0
DA:3936,0
DA:3937,0
DA:3938,0
DA:3939,0
DA:3940,0
DA:3941,0
DA:3942,0
DA:3943,0
DA:3944,0
DA:3945,0
DA:3946,0
DA:3947,0
DA:3948,0
DA:3949,0
DA:3950,0
DA:3951,0
DA:3952,0
DA:3953,0
DA:3954,0
DA:3955,0
DA:3956,0
DA:3957,0
DA:3958,0
DA:3959,0
DA:3960,0
DA:3961,0
DA:3962,0
DA:3963,0
DA:3964,0
DA:3965,0
DA:3966,0
DA:3967,0
DA:3968,0
DA:3969,0
DA:3970,0
DA:3971,0
DA:3972,0
DA:3973,0
DA:3974,0
DA:3975,0
DA:3976,0
DA:3977,0
DA:3978,0
DA:3979,0
DA:3980,0
DA:3981,0
DA:3982,0
DA:3983,0
DA:3984,0
DA:3985,0
DA:3986,0
DA:3987,0
DA:3988,0
DA:3989,0
DA:3990,0
DA:3991,0
DA:3992,0
DA:3993,0
DA:3994,0
DA:3995,0
DA:3996,0
DA:3997,0
DA:3998,0
DA:3999,0
DA:4000,0
DA:4001,0
DA:4002,0
DA:4003,0
DA:4004,0
DA:4005,0
DA:4006,0
DA:4007,0
DA:4008,0
DA:4009,0
DA:4010,0
DA:4011,0
DA:4012,0
DA:4013,0
DA:4014,0
DA:4015,0
DA:4016,0
DA:4017,0
DA:4018,0
DA:4019,0
DA:4020,0
DA:4021,0
DA:4022,0
DA:4023,0
DA:4024,0
DA:4025,0
DA:4026,0
DA:4027,0
DA:4028,0
DA:4029,0
DA:4030,0
DA:4031,0
DA:4032,0
DA:4033,0
DA:4034,0
DA:4035,0
DA:4036,0
DA:4037,0
DA:4038,0
DA:4039,0
DA:4040,0
DA:4041,0
DA:4042,0
DA:4043,0
DA:4044,0
DA:4045,0
DA:4046,0
DA:4047,0
DA:4048,0
DA:4049,0
DA:4050,0
DA:4051,0
DA:4052,0
DA:4053,0
DA:4054,0
DA:4055,0
DA:4056,0
DA:4057,0
DA:4058,0
DA:4059,0
DA:4060,0
DA:4061,0
DA:4062,0
DA:4063,0
DA:4064,0
DA:4065,0
DA:4066,0
DA:4067,0
DA:4068,0
DA:4069,0
DA:4070,0
DA:4071,0
DA:4072,0
DA:4073,0
DA:4074,0
DA:4075,0
DA:4076,0
DA:4077,0
DA:4078,0
DA:4079,0
DA:4080,0
DA:4081,0
DA:4082,0
DA:4083,0
DA:4084,0
DA:4085,0
DA:4086,0
DA:4087,0
DA:4088,0
DA:4089,0
DA:4090,0
DA:4091,0
DA:4092,0
DA:4093,0
DA:4094,0
DA:4095,0
DA:4096,0
DA:4097,0
DA:4098,0
DA:4099,0
DA:4100,0
DA:4101,0
DA:4102,0
DA:4103,0
DA:4104,0
DA:4105,0
DA:4106,0
DA:4107,0
DA:4108,0
DA:4109,0
DA:4110,0
DA:4111,0
DA:4112,0
DA:4113,0
DA:4114,0
DA:4115,0
DA:4116,0
DA:4117,0
DA:4118,0
DA:4119,0
DA:4120,0
DA:4121,0
DA:4122,0
DA:4123,0
DA:4124,0
DA:4125,0
DA:4126,0
DA:4127,0
DA:4128,0
DA:4129,0
DA:4130,0
DA:4131,0
DA:4132,0
DA:4133,0
DA:4134,0
DA:4135,0
DA:4136,0
DA:4137,0
DA:4138,0
DA:4139,0
DA:4140,0
DA:4141,0
DA:4142,0
DA:4143,0
DA:4144,0
DA:4145,0
DA:4146,0
DA:4147,0
DA:4148,0
DA:4149,0
DA:4150,0
DA:4151,0
DA:4152,0
DA:4153,0
DA:4154,0
DA:4155,0
DA:4156,0
DA:4157,0
DA:4158,0
DA:4159,0
DA:4160,0
DA:4161,0
DA:4162,0
DA:4163,0
DA:4164,0
DA:4165,0
DA:4166,0
DA:4167,0
DA:4168,0
DA:4169,0
DA:4170,0
DA:4171,0
DA:4172,0
DA:4173,0
DA:4174,0
DA:4175,0
DA:4176,0
DA:4177,0
DA:4178,0
DA:4179,0
DA:4180,0
DA:4181,0
DA:4182,0
DA:4183,0
DA:4184,0
DA:4185,0
DA:4186,0
DA:4187,0
DA:4188,0
DA:4189,0
DA:4190,0
DA:4191,0
DA:4192,0
DA:4193,0
DA:4194,0
DA:4195,0
DA:4196,0
DA:4197,0
DA:4198,0
DA:4199,0
DA:4200,0
DA:4201,0
DA:4202,0
DA:4203,0
DA:4204,0
DA:4205,0
DA:4206,0
DA:4207,0
DA:4208,0
DA:4209,0
DA:4210,0
DA:4211,0
DA:4212,0
DA:4213,0
DA:4214,0
DA:4215,0
DA:4216,0
DA:4217,0
DA:4218,0
DA:4219,0
DA:4220,0
DA:4221,0
DA:4222,0
DA:4223,0
DA:4224,0
DA:4225,0
DA:4226,0
DA:4227,0
DA:4228,0
DA:4229,0
DA:4230,0
DA:4231,0
DA:4232,0
DA:4233,0
DA:4234,0
DA:4235,0
DA:4236,0
DA:4237,0
DA:4238,0
DA:4239,0
DA:4240,0
DA:4241,0
DA:4242,0
DA:4243,0
DA:4244,0
DA:4245,0
DA:4246,0
DA:4247,0
DA:4248,0
DA:4249,0
DA:4250,0
DA:4251,0
DA:4252,0
DA:4253,0
DA:4254,0
DA:4255,0
DA:4256,0
DA:4257,0
DA:4258,0
DA:4259,0
DA:4260,0
DA:4261,0
DA:4262,0
DA:4263,0
DA:4264,0
DA:4265,0
DA:4266,0
DA:4267,0
DA:4268,0
DA:4269,0
DA:4270,0
DA:4271,0
DA:4272,0
DA:4273,0
DA:4274,0
DA:4275,0
DA:4276,0
DA:4277,0
DA:4278,0
DA:4279,0
DA:4280,0
DA:4281,0
DA:4282,0
DA:4283,0
DA:4284,0
DA:4285,0
DA:4286,0
DA:4287,0
DA:4288,0
DA:4289,0
DA:4290,0
DA:4291,0
DA:4292,0
DA:4293,0
DA:4294,0
DA:4295,0
DA:4296,0
DA:4297,0
DA:4298,0
DA:4299,0
DA:4300,0
DA:4301,0
DA:4302,0
DA:4303,0
DA:4304,0
DA:4305,0
DA:4306,0
DA:4307,0
DA:4308,0
DA:4309,0
DA:4310,0
DA:4311,0
DA:4312,0
DA:4313,0
DA:4314,0
DA:4315,0
DA:4316,0
DA:4317,0
DA:4318,0
DA:4319,0
DA:4320,0
DA:4321,0
DA:4322,0
DA:4323,0
DA:4324,0
DA:4325,0
DA:4326,0
DA:4327,0
DA:4328,0
DA:4329,0
DA:4330,0
DA:4331,0
DA:4332,0
DA:4333,0
DA:4334,0
DA:4335,0
DA:4336,0
DA:4337,0
DA:4338,0
DA:4339,0
DA:4340,0
DA:4341,0
DA:4342,0
DA:4343,0
DA:4344,0
DA:4345,0
DA:4346,0
DA:4347,0
DA:4348,0
DA:4349,0
DA:4350,0
DA:4351,0
DA:4352,0
DA:4353,0
DA:4354,0
DA:4355,0
DA:4356,0
DA:4357,0
DA:4358,0
DA:4359,0
DA:4360,0
DA:4361,0
DA:4362,0
DA:4363,0
DA:4364,0
DA:4365,0
DA:4366,0
DA:4367,0
DA:4368,0
DA:4369,0
DA:4370,0
DA:4371,0
DA:4372,0
DA:4373,0
DA:4374,0
DA:4375,0
DA:4376,0
DA:4377,0
DA:4378,0
DA:4379,0
DA:4380,0
DA:4381,0
DA:4382,0
DA:4383,0
DA:4384,0
DA:4385,0
DA:4386,0
DA:4387,0
DA:4388,0
DA:4389,0
DA:4390,0
DA:4391,0
DA:4392,0
DA:4393,0
DA:4394,0
DA:4395,0
DA:4396,0
DA:4397,0
DA:4398,0
DA:4399,0
DA:4400,0
DA:4401,0
DA:4402,0
DA:4403,0
DA:4404,0
DA:4405,0
DA:4406,0
DA:4407,0
DA:4408,0
DA:4409,0
DA:4410,0
DA:4411,0
DA:4412,0
DA:4413,0
DA:4414,0
DA:4415,0
DA:4416,0
DA:4417,0
DA:4418,0
DA:4419,0
DA:4420,0
DA:4421,0
DA:4422,0
DA:4423,0
DA:4424,0
DA:4425,0
DA:4426,0
DA:4427,0
DA:4428,0
DA:4429,0
DA:4430,0
DA:4431,0
DA:4432,0
DA:4433,0
DA:4434,0
DA:4435,0
DA:4436,0
DA:4437,0
DA:4438,0
DA:4439,0
DA:4440,0
DA:4441,0
DA:4442,0
DA:4443,0
DA:4444,0
DA:4445,0
DA:4446,0
DA:4447,0
DA:4448,0
DA:4449,0
DA:4450,0
DA:4451,0
DA:4452,0
DA:4453,0
DA:4454,0
DA:4455,0
DA:4456,0
DA:4457,0
DA:4458,0
DA:4459,0
DA:4460,0
DA:4461,0
DA:4462,0
DA:4463,0
DA:4464,0
DA:4465,0
DA:4466,0
DA:4467,0
DA:4468,0
DA:4469,0
DA:4470,0
DA:4471,0
DA:4472,0
DA:4473,0
DA:4474,0
DA:4475,0
DA:4476,0
DA:4477,0
DA:4478,0
DA:4479,0
DA:4480,0
DA:4481,0
DA:4482,0
DA:4483,0
DA:4484,0
DA:4485,0
DA:4486,0
DA:4487,0
DA:4488,0
DA:4489,0
DA:4490,0
DA:4491,0
DA:4492,0
DA:4493,0
DA:4494,0
DA:4495,0
DA:4496,0
DA:4497,0
DA:4498,0
DA:4499,0
DA:4500,0
DA:4501,0
DA:4502,0
DA:4503,0
DA:4504,0
DA:4505,0
DA:4506,0
DA:4507,0
DA:4508,0
DA:4509,0
DA:4510,0
DA:4511,0
DA:4512,0
DA:4513,0
DA:4514,0
DA:4515,0
DA:4516,0
DA:4517,0
DA:4518,0
DA:4519,0
DA:4520,0
DA:4521,0
DA:4522,0
DA:4523,0
DA:4524,0
DA:4525,0
DA:4526,0
DA:4527,0
DA:4528,0
DA:4529,0
DA:4530,0
DA:4531,0
DA:4532,0
DA:4533,0
DA:4534,0
DA:4535,0
DA:4536,0
DA:4537,0
DA:4538,0
DA:4539,0
DA:4540,0
DA:4541,0
DA:4542,0
DA:4543,0
DA:4544,0
DA:4545,0
DA:4546,0
DA:4547,0
DA:4548,0
DA:4549,0
DA:4550,0
DA:4551,0
DA:4552,0
DA:4553,0
DA:4554,0
DA:4555,0
DA:4556,0
DA:4557,0
DA:4558,0
DA:4559,0
DA:4560,0
DA:4561,0
DA:4562,0
DA:4563,0
DA:4564,0
DA:4565,0
DA:4566,0
DA:4567,0
DA:4568,0
DA:4569,0
DA:4570,0
DA:4571,0
DA:4572,0
DA:4573,0
DA:4574,0
DA:4575,0
DA:4576,0
DA:4577,0
DA:4578,0
DA:4579,0
DA:4580,0
DA:4581,0
DA:4582,0
DA:4583,0
DA:4584,0
DA:4585,0
DA:4586,0
DA:4587,0
DA:4588,0
DA:4589,0
DA:4590,0
DA:4591,0
DA:4592,0
DA:4593,0
DA:4594,0
DA:4595,0
DA:4596,0
DA:4597,0
DA:4598,0
DA:4599,0
DA:4600,0
DA:4601,0
DA:4602,0
DA:4603,0
DA:4604,0
DA:4605,0
DA:4606,0
DA:4607,0
DA:4608,0
DA:4609,0
DA:4610,0
DA:4611,0
DA:4612,0
DA:4613,0
DA:4614,0
DA:4615,0
DA:4616,0
DA:4617,0
DA:4618,0
DA:4619,0
DA:4620,0
DA:4621,0
DA:4622,0
DA:4623,0
DA:4624,0
DA:4625,0
DA:4626,0
DA:4627,0
DA:4628,0
DA:4629,0
DA:4630,0
DA:4631,0
DA:4632,0
DA:4633,0
DA:4634,0
DA:4635,0
DA:4636,0
DA:4637,0
DA:4638,0
DA:4639,0
DA:4640,0
DA:4641,0
DA:4642,0
DA:4643,0
DA:4644,0
DA:4645,0
DA:4646,0
DA:4647,0
DA:4648,0
DA:4649,0
DA:4650,0
DA:4651,0
DA:4652,0
DA:4653,0
DA:4654,0
DA:4655,0
DA:4656,0
DA:4657,0
DA:4658,0
DA:4659,0
DA:4660,0
DA:4661,0
DA:4662,0
DA:4663,0
DA:4664,0
DA:4665,0
DA:4666,0
DA:4667,0
DA:4668,0
DA:4669,0
DA:4670,0
DA:4671,0
DA:4672,0
DA:4673,0
DA:4674,0
DA:4675,0
DA:4676,0
DA:4677,0
DA:4678,0
DA:4679,0
DA:4680,0
DA:4681,0
DA:4682,0
DA:4683,0
DA:4684,0
DA:4685,0
DA:4686,0
DA:4687,0
DA:4688,0
DA:4689,0
DA:4690,0
DA:4691,0
DA:4692,0
DA:4693,0
DA:4694,0
DA:4695,0
DA:4696,0
DA:4697,0
DA:4698,0
DA:4699,0
DA:4700,0
DA:4701,0
DA:4702,0
DA:4703,0
DA:4704,0
DA:4705,0
DA:4706,0
DA:4707,0
DA:4708,0
DA:4709,0
DA:4710,0
DA:4711,0
DA:4712,0
DA:4713,0
DA:4714,0
DA:4715,0
DA:4716,0
DA:4717,0
DA:4718,0
DA:4719,0
DA:4720,0
DA:4721,0
DA:4722,0
DA:4723,0
DA:4724,0
DA:4725,0
DA:4726,0
DA:4727,0
DA:4728,0
DA:4729,0
DA:4730,0
DA:4731,0
DA:4732,0
DA:4733,0
DA:4734,0
DA:4735,0
DA:4736,0
DA:4737,0
DA:4738,0
DA:4739,0
DA:4740,0
DA:4741,0
DA:4742,0
DA:4743,0
DA:4744,0
DA:4745,0
DA:4746,0
DA:4747,0
DA:4748,0
DA:4749,0
DA:4750,0
DA:4751,0
DA:4752,0
DA:4753,0
DA:4754,0
DA:4755,0
DA:4756,0
DA:4757,0
DA:4758,0
DA:4759,0
DA:4760,0
DA:4761,0
DA:4762,0
DA:4763,0
DA:4764,0
DA:4765,0
DA:4766,0
DA:4767,0
DA:4768,0
DA:4769,0
DA:4770,0
DA:4771,0
DA:4772,0
DA:4773,0
DA:4774,0
DA:4775,0
DA:4776,0
DA:4777,0
DA:4778,0
DA:4779,0
DA:4780,0
DA:4781,0
DA:4782,0
DA:4783,0
DA:4784,0
DA:4785,0
DA:4786,0
DA:4787,0
DA:4788,0
DA:4789,0
DA:4790,0
DA:4791,0
DA:4792,0
DA:4793,0
DA:4794,0
DA:4795,0
DA:4796,0
DA:4797,0
DA:4798,0
DA:4799,0
DA:4800,0
DA:4801,0
DA:4802,0
DA:4803,0
DA:4804,0
DA:4805,0
DA:4806,0
DA:4807,0
DA:4808,0
DA:4809,0
DA:4810,0
DA:4811,0
DA:4812,0
DA:4813,0
DA:4814,0
DA:4815,0
DA:4816,0
DA:4817,0
DA:4818,0
DA:4819,0
DA:4820,0
DA:4821,0
DA:4822,0
DA:4823,0
DA:4824,0
DA:4825,0
DA:4826,0
DA:4827,0
DA:4828,0
DA:4829,0
DA:4830,0
DA:4831,0
DA:4832,0
DA:4833,0
DA:4834,0
DA:4835,0
DA:4836,0
DA:4837,0
DA:4838,0
DA:4839,0
DA:4840,0
DA:4841,0
DA:4842,0
DA:4843,0
DA:4844,0
DA:4845,0
DA:4846,0
DA:4847,0
DA:4848,0
DA:4849,0
DA:4850,0
DA:4851,0
DA:4852,0
DA:4853,0
DA:4854,0
DA:4855,0
DA:4856,0
DA:4857,0
DA:4858,0
DA:4859,0
DA:4860,0
DA:4861,0
DA:4862,0
DA:4863,0
DA:4864,0
DA:4865,0
DA:4866,0
DA:4867,0
DA:4868,0
DA:4869,0
DA:4870,0
DA:4871,0
DA:4872,0
DA:4873,0
DA:4874,0
DA:4875,0
DA:4876,0
DA:4877,0
DA:4878,0
DA:4879,0
DA:4880,0
DA:4881,0
DA:4882,0
DA:4883,0
DA:4884,0
DA:4885,0
DA:4886,0
DA:4887,0
DA:4888,0
DA:4889,0
DA:4890,0
DA:4891,0
DA:4892,0
DA:4893,0
DA:4894,0
DA:4895,0
DA:4896,0
DA:4897,0
DA:4898,0
DA:4899,0
DA:4900,0
DA:4901,0
DA:4902,0
DA:4903,0
DA:4904,0
DA:4905,0
DA:4906,0
DA:4907,0
DA:4908,0
DA:4909,0
DA:4910,0
DA:4911,0
DA:4912,0
DA:4913,0
DA:4914,0
DA:4915,0
DA:4916,0
DA:4917,0
DA:4918,0
DA:4919,0
DA:4920,0
DA:4921,0
DA:4922,0
DA:4923,0
DA:4924,0
DA:4925,0
DA:4926,0
DA:4927,0
DA:4928,0
DA:4929,0
DA:4930,0
DA:4931,0
DA:4932,0
DA:4933,0
DA:4934,0
DA:4935,0
DA:4936,0
DA:4937,0
DA:4938,0
DA:4939,0
DA:4940,0
[...]
DA:1288,2
DA:1289,0
DA:1290,0
DA:1291,0
DA:1292,0
DA:1293,0
DA:1294,0
DA:1295,0
DA:1296,0
DA:1297,0
DA:1298,0
DA:1299,0
DA:1300,0
DA:1301,0
DA:1302,0
DA:1303,0
DA:1304,0
DA:1305,0
DA:1306,0
DA:1307,0
DA:1308,0
DA:1309,0
DA:1310,2
DA:1311,2
DA:1312,2
DA:1313,2
DA:1314,0
DA:1315,0
DA:1316,0
DA:1317,0
DA:1318,0
DA:1319,0
DA:1320,0
DA:1321,0
DA:1322,0
DA:1323,0
DA:1324,0
DA:1325,0
DA:1326,0
DA:1327,0
DA:1328,0
DA:1329,0
DA:1330,0
DA:1331,0
DA:1332,0
DA:1333,0
DA:1334,0
DA:1335,0
DA:1336,0
DA:1337,0
DA:1338,0
DA:1339,0
DA:1340,0
DA:1341,0
DA:1342,0
DA:1343,0
DA:1344,0
DA:1345,0
DA:1346,0
DA:1347,0
DA:1348,0
DA:1349,0
DA:1350,0
DA:1351,2
DA:1352,2
DA:1353,2
DA:1354,0
DA:1355,0
DA:1356,0
DA:1357,0
DA:1358,0
DA:1359,0
DA:1360,0
DA:1361,0
DA:1362,2
DA:1363,2
DA:1364,2
DA:1365,0
DA:1366,0
DA:1367,0
DA:1368,0
DA:1369,0
DA:1370,0
DA:1371,0
DA:1372,0
DA:1373,0
DA:1374,0
DA:1375,0
DA:1376,0
DA:1377,0
DA:1378,2
DA:1379,2
DA:1380,2
DA:1381,0
DA:1382,0
DA:1383,0
DA:1384,0
DA:1385,0
DA:1386,0
DA:1387,0
DA:1388,0
DA:1389,0
DA:1390,0
DA:1391,0
DA:1392,0
DA:1393,0
DA:1394,0
DA:1395,0
DA:1396,0
DA:1397,0
DA:1398,0
DA:1399,0
DA:1400,0
DA:1401,0
DA:1402,0
DA:1403,0
DA:1404,0
DA:1405,0
DA:1406,0
DA:1407,0
DA:1408,2
DA:1409,2
DA:1410,2
DA:1411,0
DA:1412,0
DA:1413,0
DA:1414,0
DA:1415,0
DA:1416,0
DA:1417,0
DA:1418,0
DA:1419,0
DA:1420,0
DA:1421,0
DA:1422,0
DA:1423,0
DA:1424,0
DA:1425,0
DA:1426,0
DA:1427,0
DA:1428,0
DA:1429,0
DA:1430,0
DA:1431,0
DA:1432,0
DA:1433,0
DA:1434,0
DA:1435,0
DA:1436,0
DA:1437,0
DA:1438,0
DA:1439,0
DA:1440,0
DA:1441,2
DA:1442,2
DA:1443,2
DA:1444,2
DA:1445,2
DA:1446,2
DA:1447,2
DA:1448,2
DA:1449,2
DA:1450,2
DA:1451,0
DA:1452,0
DA:1453,0
DA:1454,0
DA:1455,0
DA:1456,0
DA:1457,0
DA:1458,0
DA:1459,0
DA:1460,0
DA:1461,0
DA:1462,0
DA:1463,0
DA:1464,0
DA:1465,2
DA:1466,2
DA:1467,2
DA:1468,0
DA:1469,0
DA:1470,0
DA:1471,0
DA:1472,0
DA:1473,0
DA:1474,0
DA:1475,0
DA:1476,0
DA:1477,0
DA:1478,0
DA:1479,0
DA:1480,0
DA:1481,0
DA:1482,0
DA:1483,0
DA:1484,0
DA:1485,0
DA:1486,0
DA:1487,0
DA:1488,0
DA:1489,2
DA:1490,2
DA:1491,2
DA:1492,2
DA:1493,2
DA:1494,2
DA:1495,2
DA:1496,0
DA:1497,0
DA:1498,0
DA:1499,0
DA:1500,0
DA:1501,0
DA:1502,0
DA:1503,0
DA:1504,0
DA:1505,0
DA:1506,0
DA:1507,0
DA:1508,0
DA:1509,0
DA:1510,0
DA:1511,0
DA:1512,0
DA:1513,0
DA:1514,0
DA:1515,0
DA:1516,0
DA:1517,0
DA:1518,0
DA:1519,0
DA:1520,0
DA:1521,0
DA:1522,0
DA:1523,0
DA:1524,0
DA:1525,0
DA:1526,0
DA:1527,0
DA:1528,0
DA:1529,0
DA:1530,0
DA:1531,0
DA:1532,0
DA:1533,2
DA:1534,2
DA:1535,2
DA:1536,2
DA:1537,2
DA:1538,2
DA:1539,2
DA:1540,2
DA:1541,2
DA:1542,2
DA:1543,2
DA:1544,2
DA:1545,2
DA:1546,2
DA:1547,0
DA:1548,0
DA:1549,2
DA:1550,2
DA:1551,2
DA:1552,2
DA:1553,2
DA:1554,2
DA:1555,2
DA:1556,2
DA:1557,2
DA:1558,2
DA:1559,2
DA:1560,2
DA:1561,2
DA:1562,2
DA:1563,2
DA:1564,0
DA:1565,0
DA:1566,0
DA:1567,0
DA:1568,0
DA:1569,0
DA:1570,0
DA:1571,0
DA:1572,2
DA:1573,2
DA:1574,2
DA:1575,2
DA:1576,2
DA:1577,2
DA:1578,2
DA:1579,0
DA:1580,0
DA:1581,0
DA:1582,0
DA:1583,0
DA:1584,0
DA:1585,0
DA:1586,0
DA:1587,0
DA:1588,0
DA:1589,0
DA:1590,0
DA:1591,0
DA:1592,0
DA:1593,2
DA:1594,2
DA:1595,2
DA:1596,2
DA:1597,2
DA:1598,0
DA:1599,0
DA:1600,0
DA:1601,0
DA:1602,0
DA:1603,0
DA:1604,0
DA:1605,0
DA:1606,0
DA:1607,0
DA:1608,0
DA:1609,0
DA:1610,0
DA:1611,0
DA:1612,0
DA:1613,2
DA:1614,2
DA:1615,2
DA:1616,2
DA:1617,2
DA:1618,2
DA:1619,0
DA:1620,0
DA:1621,0
DA:1622,0
DA:1623,0
DA:1624,0
DA:1625,0
DA:1626,0
DA:1627,0
DA:1628,0
DA:1629,0
DA:1630,0
DA:1631,0
DA:1632,0
DA:1633,0
DA:1634,0
DA:1635,0
DA:1636,2
DA:1637,2
DA:1638,2
DA:1639,2
DA:1640,2
DA:1641,0
DA:1642,0
DA:1643,0
DA:1644,0
DA:1645,0
DA:1646,0
DA:1647,0
DA:1648,0
DA:1649,0
DA:1650,0
DA:1651,2
DA:1652,2
DA:1653,2
DA:1654,2
DA:1655,2
DA:1656,0
DA:1657,0
DA:1658,0
DA:1659,0
DA:1660,0
DA:1661,0
DA:1662,0
DA:1663,0
DA:1664,0
DA:1665,0
DA:1666,0
DA:1667,0
DA:1668,0
DA:1669,0
DA:1670,0
DA:1671,0
DA:1672,0
DA:1673,0
DA:1674,0
DA:1675,0
DA:1676,0
DA:1677,0
DA:1678,0
DA:1679,0
DA:1680,0
DA:1681,0
DA:1682,0
DA:1683,0
DA:1684,0
DA:1685,0
DA:1686,2
DA:1687,2
DA:1688,2
DA:1689,2
DA:1690,0
DA:1691,2
DA:1692,2
DA:1693,2
DA:1694,0
DA:1695,2
DA:1696,2
DA:1697,2
DA:1698,0
DA:1699,2
DA:1700,2
DA:1701,2
DA:1702,0
DA:1703,2
DA:1704,2
DA:1705,2
DA:1706,0
DA:1707,0
DA:1708,0
DA:1709,0
DA:1710,0
DA:1711,0
DA:1712,0
DA:1713,0
DA:1714,0
DA:1715,2
DA:1716,2
DA:1717,2
DA:1718,0
DA:1719,2
DA:1720,2
DA:1721,2
DA:1722,0
DA:1723,2
DA:1724,2
DA:1725,2
DA:1726,0
DA:1727,2
DA:1728,2
DA:1729,2
DA:1730,0
DA:1731,2
DA:1732,2
DA:1733,2
DA:1734,0
DA:1735,2
DA:1736,2
DA:1737,2
DA:1738,0
DA:1739,0
DA:1740,0
DA:1741,0
DA:1742,0
DA:1743,2
DA:1744,2
DA:1745,2
DA:1746,0
DA:1747,2
DA:1748,2
DA:1749,2
DA:1750,0
DA:1751,2
DA:1752,2
DA:1753,2
DA:1754,0
DA:1755,0
DA:1756,2
DA:1757,2
DA:1758,2
DA:1759,2
LF:1759
LH:437
BRDA:1,0,0,2
BRDA:1,1,0,2
BRDA:79,2,0,0
BRDA:108,3,0,0
BRDA:109,4,0,0
BRDA:113,5,0,0
BRDA:127,6,0,0
BRDA:460,7,0,0
BRDA:38,8,0,2
BRDA:134,9,0,2
BRDA:136,10,0,0
BRDA:138,11,0,0
BRDA:139,12,0,0
BRDA:140,13,0,0
BRDA:142,14,0,0
BRDA:143,15,0,0
BRDA:144,16,0,0
BRDA:151,17,0,0
BRDA:151,18,0,0
BRDA:153,19,0,0
BRDA:154,20,0,0
BRDA:154,21,0,0
BRDA:154,22,0,0
BRDA:155,23,0,0
BRDA:155,24,0,0
BRDA:155,25,0,0
BRDA:433,26,0,1
BRDA:434,27,0,0
BRDA:435,28,0,0
BRDA:436,29,0,0
BRDA:437,30,0,0
BRDA:438,31,0,0
BRDA:439,32,0,0
BRDA:443,33,0,2
BRDA:445,34,0,0
BRDA:449,35,0,2
BRDA:451,36,0,0
BRDA:454,37,0,0
BRDA:455,38,0,0
BRDA:1541,39,0,2
BRDA:1542,40,0,0
BRDA:1545,41,0,0
BRDA:1546,42,0,0
BRDA:1557,43,0,1
BRF:44
BRH:9
end_of_record
TN:
SF:src/supplier-obligations-client.js
FN:1,(empty-report)
FNF:1
FNH:0
FNDA:0,(empty-report)
DA:1,0
DA:2,0
DA:3,0
DA:4,0
DA:5,0
DA:6,0
DA:7,0
DA:8,0
DA:9,0
DA:10,0
DA:11,0
DA:12,0
DA:13,0
DA:14,0
DA:15,0
DA:16,0
DA:17,0
DA:18,0
DA:19,0
DA:20,0
DA:21,0
DA:22,0
DA:23,0
DA:24,0
DA:25,0
DA:26,0
DA:27,0
DA:28,0
DA:29,0
DA:30,0
DA:31,0
LF:31
LH:0
BRDA:1,0,0,0
BRF:1
BRH:0
end_of_record
TN:
SF:src/web-push.js
FN:1,(empty-report)
FNF:1
FNH:0
FNDA:0,(empty-report)
DA:1,0
DA:2,0
DA:3,0
DA:4,0
DA:5,0
DA:6,0
DA:7,0
DA:8,0
DA:9,0
DA:10,0
DA:11,0
DA:12,0
DA:13,0
DA:14,0
DA:15,0
DA:16,0
DA:17,0
DA:18,0
DA:19,0
DA:20,0
DA:21,0
DA:22,0
DA:23,0
DA:24,0
DA:25,0
DA:26,0
DA:27,0
DA:28,0
DA:29,0
DA:30,0
DA:31,0
DA:32,0
DA:33,0
DA:34,0
DA:35,0
DA:36,0
DA:37,0
DA:38,0
DA:39,0
DA:40,0
DA:41,0
DA:42,0
DA:43,0
DA:44,0
DA:45,0
DA:46,0
DA:47,0
DA:48,0
DA:49,0
DA:50,0
DA:51,0
DA:52,0
DA:53,0
DA:54,0
DA:55,0
DA:56,0
DA:57,0
DA:58,0
DA:59,0
DA:60,0
DA:61,0
DA:62,0
DA:63,0
DA:64,0
DA:65,0
DA:66,0
DA:67,0
DA:68,0
DA:69,0
DA:70,0
DA:71,0
DA:72,0
DA:73,0
DA:74,0
DA:75,0
DA:76,0
DA:77,0
DA:78,0
DA:79,0
DA:80,0
DA:81,0
DA:82,0
DA:83,0
DA:84,0
DA:85,0
DA:86,0
DA:87,0
DA:88,0
DA:89,0
DA:90,0
DA:91,0
DA:92,0
DA:93,0
DA:94,0
DA:95,0
DA:96,0
DA:97,0
DA:98,0
DA:99,0
DA:100,0
DA:101,0
DA:102,0
DA:103,0
DA:104,0
LF:104
LH:0
BRDA:1,0,0,0
BRF:1
BRH:0
end_of_record
TN:
SF:tools/mac-archive-bridge/server.mjs
FN:31,tokenMatches
FN:40,hostAllowed
FN:46,rateLimited
FN:66,browserLabel
FN:76,logProbe
FN:89,applyCors
FN:104,sendJson
FN:110,readBody
FN:128,healthPayload
FN:143,normalizeBaseUrl
FN:154,handleArchive
FN:266,shutdown
FNF:12
FNH:11
FNDA:22,tokenMatches
FNDA:29,hostAllowed
FNDA:24,rateLimited
FNDA:1,browserLabel
FNDA:1,logProbe
FNDA:25,applyCors
FNDA:27,sendJson
FNDA:21,readBody
FNDA:1,healthPayload
FNDA:1,normalizeBaseUrl
FNDA:22,handleArchive
FNDA:0,shutdown
DA:1,1
DA:2,1
DA:3,1
DA:4,1
DA:5,1
DA:6,1
DA:7,1
DA:8,1
DA:9,1
DA:10,1
DA:11,1
DA:12,1
DA:13,1
DA:14,1
DA:15,1
DA:16,1
DA:17,1
DA:18,1
DA:19,1
DA:20,1
DA:21,1
DA:22,1
DA:23,1
DA:24,1
DA:25,1
DA:26,1
DA:27,1
DA:28,1
DA:29,1
DA:30,1
DA:31,22
DA:32,22
DA:33,22
DA:34,22
DA:35,22
DA:36,22
DA:37,1
DA:38,1
DA:39,1
DA:40,29
DA:41,29
DA:42,29
DA:43,29
DA:44,29
DA:45,1
DA:46,24
DA:47,24
DA:48,24
DA:49,24
DA:50,24
DA:51,24
DA:52,24
DA:53,0
DA:54,0
DA:55,24
DA:56,24
DA:57,1
DA:58,1
DA:59,1
DA:60,1
DA:61,1
DA:62,1
DA:63,1
DA:64,1
DA:65,1
DA:66,1
DA:67,1
DA:68,1
DA:69,1
DA:70,1
DA:71,1
DA:72,1
DA:73,1
DA:74,1
DA:75,1
DA:76,1
DA:77,1
DA:78,1
DA:79,1
DA:80,1
DA:81,1
DA:82,1
DA:83,1
DA:84,0
DA:85,0
DA:86,1
DA:87,1
DA:88,1
DA:89,25
DA:90,25
DA:91,25
DA:92,25
DA:93,25
DA:94,25
DA:95,25
DA:96,25
DA:97,25
DA:98,25
DA:99,25
DA:100,0
DA:101,0
DA:102,25
DA:103,1
DA:104,27
DA:105,27
DA:106,27
DA:107,27
DA:108,27
DA:109,1
DA:110,21
DA:111,21
DA:112,21
DA:113,21
DA:114,21
DA:115,21
DA:116,21
DA:117,0
DA:118,0
DA:119,0
DA:120,0
DA:121,21
DA:122,21
DA:123,21
DA:124,21
DA:125,21
DA:126,21
DA:127,1
DA:128,1
DA:129,1
DA:130,1
DA:131,1
DA:132,1
DA:133,1
DA:134,1
DA:135,1
DA:136,1
DA:137,1
DA:138,1
DA:139,1
DA:140,1
DA:141,1
DA:142,1
DA:143,1
DA:144,1
DA:145,1
DA:146,1
DA:147,1
DA:148,1
DA:149,1
DA:150,0
DA:151,0
DA:152,1
DA:153,1
DA:154,22
DA:155,22
DA:156,1
DA:157,1
DA:158,1
DA:159,22
DA:160,22
DA:161,0
DA:162,0
DA:163,21
DA:164,21
DA:165,21
DA:166,21
DA:167,22
DA:168,0
DA:169,0
DA:170,0
DA:171,21
DA:172,22
DA:173,22
DA:174,1
DA:175,1
DA:176,1
DA:177,20
DA:178,22
DA:179,22
DA:180,22
DA:181,22
DA:182,1
DA:183,1
DA:184,22
DA:185,0
DA:186,0
DA:187,19
DA:188,19
DA:189,19
DA:190,22
DA:191,18
DA:192,22
DA:193,1
DA:194,1
DA:195,1
DA:196,1
DA:197,1
DA:198,1
DA:199,22
DA:200,0
DA:201,0
DA:202,0
DA:203,19
DA:204,19
DA:205,19
DA:206,22
DA:207,22
DA:208,22
DA:209,22
DA:210,22
DA:211,5
DA:212,5
DA:213,5
DA:214,5
DA:215,5
DA:216,5
DA:217,5
DA:218,5
DA:219,22
DA:220,1
DA:221,1
DA:222,29
DA:223,29
DA:224,29
DA:225,29
DA:226,1
DA:227,1
DA:228,1
DA:229,29
DA:230,28
DA:231,29
DA:232,2
DA:233,2
DA:234,2
DA:235,29
DA:236,2
DA:237,2
DA:238,2
DA:239,29
DA:240,0
DA:241,0
DA:242,24
DA:243,24
DA:244,24
DA:245,29
DA:246,1
DA:247,1
DA:248,1
DA:249,29
DA:250,1
DA:251,1
DA:252,1
DA:253,1
DA:254,1
DA:255,1
DA:256,29
DA:257,22
DA:258,22
DA:259,0
DA:260,0
DA:261,0
DA:262,0
DA:263,0
DA:264,1
DA:265,1
DA:266,0
DA:267,0
DA:268,0
DA:269,0
DA:270,0
DA:271,1
DA:272,1
DA:273,1
DA:274,0
DA:275,0
DA:276,0
DA:277,0
DA:278,0
DA:279,0
DA:280,0
DA:281,0
DA:282,0
DA:283,0
LF:283
LH:239
BRDA:1,0,0,1
BRDA:273,1,0,0
BRDA:31,2,0,22
BRDA:32,3,0,0
BRDA:34,4,0,0
BRDA:40,5,0,29
BRDA:41,6,0,0
BRDA:43,7,0,1
BRDA:43,8,0,1
BRDA:46,9,0,24
BRDA:49,10,0,1
BRDA:52,11,0,0
BRDA:49,12,0,276
BRDA:66,13,0,1
BRDA:67,14,0,0
BRDA:68,15,0,0
BRDA:69,16,0,0
BRDA:70,17,0,0
BRDA:71,18,0,0
BRDA:72,19,0,0
BRDA:76,20,0,1
BRDA:78,21,0,0
BRDA:81,22,0,0
BRDA:83,23,0,0
BRDA:86,24,0,0
BRDA:89,25,0,25
BRDA:93,26,0,0
BRDA:99,27,0,0
BRDA:104,28,0,27
BRDA:110,29,0,21
BRDA:111,30,0,21
BRDA:114,31,0,21
BRDA:116,32,0,0
BRDA:123,33,0,21
BRDA:128,34,0,1
BRDA:130,35,0,0
BRDA:131,36,0,0
BRDA:143,37,0,1
BRDA:144,38,0,0
BRDA:147,39,0,0
BRDA:149,40,0,0
BRDA:154,41,0,22
BRDA:155,42,0,1
BRDA:159,43,0,21
BRDA:159,44,0,0
BRDA:160,45,0,0
BRDA:163,46,0,21
BRDA:167,47,0,0
BRDA:171,48,0,21
BRDA:173,49,0,1
BRDA:177,50,0,20
BRDA:178,51,0,20
BRDA:178,52,0,0
BRDA:179,53,0,1
BRDA:180,54,0,18
BRDA:181,55,0,1
BRDA:184,56,0,19
BRDA:184,57,0,1
BRDA:184,58,0,0
BRDA:187,59,0,19
BRDA:190,60,0,18
BRDA:192,61,0,1
BRDA:199,62,0,0
BRDA:203,63,0,19
BRDA:206,64,0,14
BRDA:206,65,0,12
BRDA:206,66,0,2
BRDA:207,67,0,12
BRDA:207,68,0,2
BRDA:208,69,0,13
BRDA:208,70,0,1
BRDA:210,71,0,5
BRDA:213,72,0,0
BRDA:216,73,0,0
BRDA:221,74,0,29
BRDA:222,75,0,0
BRDA:225,76,0,1
BRDA:226,77,0,0
BRDA:229,78,0,28
BRDA:229,79,0,25
BRDA:230,80,0,28
BRDA:231,81,0,2
BRDA:232,82,0,1
BRDA:232,83,0,1
BRDA:235,84,0,26
BRDA:235,85,0,2
BRDA:239,86,0,24
BRDA:239,87,0,0
BRDA:239,88,0,0
BRDA:242,89,0,24
BRDA:245,90,0,2
BRDA:245,91,0,1
BRDA:249,92,0,23
BRDA:249,93,0,1
BRDA:249,94,0,1
BRDA:252,95,0,0
BRDA:253,96,0,0
BRDA:256,97,0,22
BRDA:256,98,0,22
BRDA:259,99,0,0
BRF:100
BRH:62
end_of_record
TN:
SF:tools/mac-archive-bridge/lib/arabic.mjs
FN:19,stripInvisible
FN:29,folderKey
FNF:2
FNH:2
FNDA:265,stripInvisible
FNDA:169,folderKey
DA:1,1
DA:2,1
DA:3,1
DA:4,1
DA:5,1
DA:6,1
DA:7,1
DA:8,1
DA:9,1
DA:10,1
DA:11,1
DA:12,1
DA:13,1
DA:14,1
DA:15,1
DA:16,1
DA:17,1
DA:18,1
DA:19,1
DA:20,265
DA:21,265
DA:22,1
DA:23,1
DA:24,1
DA:25,1
DA:26,1
DA:27,1
DA:28,1
DA:29,1
DA:30,169
DA:31,169
DA:32,169
DA:33,169
DA:34,169
DA:35,169
DA:36,169
DA:37,169
DA:38,169
LF:38
LH:38
BRDA:1,0,0,1
BRDA:19,1,0,265
BRDA:20,2,0,0
BRDA:29,3,0,169
BRDA:30,4,0,0
BRF:5
BRH:3
end_of_record
TN:
SF:tools/mac-archive-bridge/lib/archive.mjs
FN:12,sha256
FN:28,pdfFingerprint
FN:35,assertPdf
FN:48,archiveDocument
FNF:4
FNH:4
FNDA:17,sha256
FNDA:17,pdfFingerprint
FNDA:20,assertPdf
FNDA:20,archiveDocument
DA:1,1
DA:2,1
DA:3,1
DA:4,1
DA:5,1
DA:6,1
DA:7,1
DA:8,1
DA:9,1
DA:10,1
DA:11,1
DA:12,1
DA:13,17
DA:14,17
DA:15,1
DA:16,1
DA:17,1
DA:18,1
DA:19,1
DA:20,1
DA:21,1
DA:22,1
DA:23,1
DA:24,1
DA:25,1
DA:26,1
DA:27,1
DA:28,1
DA:29,17
DA:30,17
DA:31,17
DA:32,17
DA:33,1
DA:34,1
DA:35,1
DA:36,20
DA:37,20
DA:38,20
DA:39,1
DA:40,1
DA:41,1
DA:42,1
DA:43,1
DA:44,1
DA:45,1
DA:46,1
DA:47,1
DA:48,1
DA:49,20
DA:50,20
DA:51,20
DA:52,20
DA:53,20
DA:54,15
DA:55,15
DA:56,15
DA:57,15
DA:58,15
DA:59,15
DA:60,15
DA:61,15
DA:62,15
DA:63,15
DA:64,0
DA:65,0
DA:66,15
DA:67,15
DA:68,15
DA:69,15
DA:70,15
DA:71,12
DA:72,12
DA:73,15
DA:74,15
DA:75,3
DA:76,3
DA:77,2
DA:78,2
DA:79,1
DA:80,1
DA:81,12
DA:82,12
DA:83,12
DA:84,12
DA:85,12
DA:86,15
DA:87,0
DA:88,0
DA:89,0
DA:90,15
DA:91,0
DA:92,0
DA:93,20
LF:93
LH:86
BRDA:1,0,0,1
BRDA:12,1,0,17
BRDA:28,2,0,17
BRDA:30,3,0,51
BRDA:35,4,0,20
BRDA:36,5,0,0
BRDA:37,6,0,1
BRDA:48,7,0,20
BRDA:49,8,0,0
BRDA:52,9,0,19
BRDA:54,10,0,15
BRDA:59,11,0,14
BRDA:59,12,0,1
BRDA:63,13,0,0
BRDA:70,14,0,3
BRDA:70,15,0,12
BRDA:71,16,0,0
BRDA:74,17,0,3
BRDA:76,18,0,2
BRDA:79,19,0,1
BRDA:81,20,0,12
BRDA:86,21,0,0
BRDA:91,22,0,0
BRF:23
BRH:17
end_of_record
TN:
SF:tools/mac-archive-bridge/lib/config.mjs
FN:40,ensureHome
FN:45,loadConfig
FN:67,loadToken
FNF:3
FNH:3
FNDA:2,ensureHome
FNDA:1,loadConfig
FNDA:1,loadToken
DA:1,1
DA:2,1
DA:3,1
DA:4,1
DA:5,1
DA:6,1
DA:7,1
DA:8,1
DA:9,1
DA:10,1
DA:11,1
DA:12,1
DA:13,1
DA:14,1
DA:15,1
DA:16,1
DA:17,1
DA:18,1
DA:19,1
DA:20,1
DA:21,1
DA:22,1
DA:23,1
DA:24,1
DA:25,1
DA:26,1
DA:27,1
DA:28,1
DA:29,1
DA:30,1
DA:31,1
DA:32,1
DA:33,1
DA:34,1
DA:35,1
DA:36,1
DA:37,1
DA:38,1
DA:39,1
DA:40,2
DA:41,2
DA:42,2
DA:43,2
DA:44,1
DA:45,1
DA:46,1
DA:47,1
DA:48,1
DA:49,1
DA:50,1
DA:51,1
DA:52,0
DA:53,0
DA:54,0
DA:55,1
DA:56,0
DA:57,0
DA:58,1
DA:59,1
DA:60,1
DA:61,0
DA:62,0
DA:63,1
DA:64,1
DA:65,1
DA:66,1
DA:67,1
DA:68,1
DA:69,1
DA:70,0
DA:71,0
DA:72,0
DA:73,1
DA:74,1
DA:75,1
DA:76,1
DA:77,1
LF:77
LH:67
BRDA:1,0,0,1
BRDA:12,1,0,0
BRDA:40,2,0,2
BRDA:41,3,0,0
BRDA:42,4,0,1
BRDA:45,5,0,1
BRDA:51,6,0,0
BRDA:55,7,0,0
BRDA:59,8,0,0
BRDA:60,9,0,0
BRDA:67,10,0,1
BRDA:69,11,0,0
BRF:12
BRH:5
end_of_record
TN:
SF:tools/mac-archive-bridge/lib/doc-types.mjs
FN:30,isKnownDocType
FNF:1
FNH:1
FNDA:21,isKnownDocType
DA:1,1
DA:2,1
DA:3,1
DA:4,1
DA:5,1
DA:6,1
DA:7,1
DA:8,1
DA:9,1
DA:10,1
DA:11,1
DA:12,1
DA:13,1
DA:14,1
DA:15,1
DA:16,1
DA:17,1
DA:18,1
DA:19,1
DA:20,1
DA:21,1
DA:22,1
DA:23,1
DA:24,1
DA:25,1
DA:26,1
DA:27,1
DA:28,1
DA:29,1
DA:30,1
DA:31,21
DA:32,21
LF:32
LH:32
BRDA:1,0,0,1
BRDA:28,1,0,10
BRDA:30,2,0,21
BRF:3
BRH:3
end_of_record
TN:
SF:tools/mac-archive-bridge/lib/folders.mjs
FN:20,discoverFolders
FN:41,resolveFolderPath
FN:54,missingFolders
FN:59,rootReady
FNF:4
FNH:4
FNDA:17,discoverFolders
FNDA:17,resolveFolderPath
FNDA:2,missingFolders
FNDA:1,rootReady
DA:1,1
DA:2,1
DA:3,1
DA:4,1
DA:5,1
DA:6,1
DA:7,1
DA:8,1
DA:9,1
DA:10,1
DA:11,1
DA:12,1
DA:13,1
DA:14,1
DA:15,1
DA:16,1
DA:17,1
DA:18,1
DA:19,1
DA:20,1
DA:21,17
DA:22,17
DA:23,17
DA:24,17
DA:25,17
DA:26,0
DA:27,0
DA:28,17
DA:29,128
DA:30,128
DA:31,128
DA:32,128
DA:33,128
DA:34,17
DA:35,17
DA:36,1
DA:37,1
DA:38,1
DA:39,1
DA:40,1
DA:41,1
DA:42,17
DA:43,17
DA:44,16
DA:45,16
DA:46,16
DA:47,17
DA:48,0
DA:49,0
DA:50,16
DA:51,17
DA:52,1
DA:53,1
DA:54,1
DA:55,2
DA:56,2
DA:57,1
DA:58,1
DA:59,1
DA:60,1
DA:61,1
DA:62,1
DA:63,1
DA:64,0
DA:65,0
DA:66,1
LF:66
LH:60
BRDA:1,0,0,1
BRDA:20,1,0,17
BRDA:25,2,0,0
BRDA:28,3,0,128
BRDA:29,4,0,0
BRDA:41,5,0,17
BRDA:43,6,0,1
BRDA:44,7,0,16
BRDA:47,8,0,16
BRDA:47,9,0,0
BRDA:50,10,0,16
BRDA:54,11,0,2
BRDA:55,12,0,16
BRDA:59,13,0,1
BRDA:63,14,0,0
BRF:15
BRH:11
end_of_record
TN:
SF:tools/mac-archive-bridge/lib/log.mjs
FN:10,currentLogFile
FN:15,logEvent
FNF:2
FNH:2
FNDA:25,currentLogFile
FNDA:25,logEvent
DA:1,1
DA:2,1
DA:3,1
DA:4,1
DA:5,1
DA:6,1
DA:7,1
DA:8,1
DA:9,1
DA:10,25
DA:11,25
DA:12,25
DA:13,25
DA:14,1
DA:15,1
DA:16,25
DA:17,25
DA:18,25
DA:19,25
DA:20,25
DA:21,25
DA:22,0
DA:23,0
DA:24,25
DA:25,25
DA:26,25
DA:27,25
LF:27
LH:25
BRDA:1,0,0,1
BRDA:10,1,0,25
BRDA:15,2,0,25
BRDA:19,3,0,0
BRDA:21,4,0,0
BRDA:24,5,0,0
BRDA:26,6,0,24
BRDA:26,7,0,1
BRF:8
BRH:5
end_of_record
TN:
SF:tools/mac-archive-bridge/lib/naming.mjs
FN:16,sanitizePart
FN:34,resolveDate
FN:47,buildFileName
FN:92,variantName
FNF:4
FNH:4
FNDA:96,sanitizePart
FNDA:33,resolveDate
FNDA:31,buildFileName
FNDA:1,variantName
DA:1,1
DA:2,1
DA:3,1
DA:4,1
DA:5,1
DA:6,1
DA:7,1
DA:8,1
DA:9,1
DA:10,1
DA:11,1
DA:12,1
DA:13,1
DA:14,1
DA:15,1
DA:16,1
DA:17,96
DA:18,96
DA:19,96
DA:20,96
DA:21,96
DA:22,96
DA:23,96
DA:24,96
DA:25,96
DA:26,96
DA:27,96
DA:28,96
DA:29,96
DA:30,1
DA:31,1
DA:32,1
DA:33,1
DA:34,1
DA:35,33
DA:36,33
DA:37,3
DA:38,3
DA:39,3
DA:40,3
DA:41,33
DA:42,1
DA:43,1
DA:44,1
DA:45,1
DA:46,1
DA:47,1
DA:48,31
DA:49,31
DA:50,31
DA:51,31
DA:52,31
DA:53,31
DA:54,31
DA:55,31
DA:56,31
DA:57,31
DA:58,27
DA:59,27
DA:60,27
DA:61,31
DA:62,31
DA:63,31
DA:64,31
DA:65,16
DA:66,16
DA:67,31
DA:68,3
DA:69,3
DA:70,3
DA:71,3
DA:72,3
DA:73,31
DA:74,2
DA:75,2
DA:76,31
DA:77,1
DA:78,1
DA:79,31
DA:80,5
DA:81,5
DA:82,5
DA:83,31
DA:84,27
DA:85,27
DA:86,31
DA:87,1
DA:88,1
DA:89,1
DA:90,1
DA:91,1
DA:92,1
DA:93,1
DA:94,1
DA:95,1
LF:95
LH:95
BRDA:1,0,0,1
BRDA:16,1,0,96
BRDA:17,2,0,49
BRDA:17,3,0,47
BRDA:27,4,0,0
BRDA:34,5,0,33
BRDA:35,6,0,1
BRDA:35,7,0,32
BRDA:36,8,0,31
BRDA:36,9,0,30
BRDA:37,10,0,3
BRDA:47,11,0,31
BRDA:49,12,0,0
BRDA:56,13,0,22
BRDA:56,14,0,2
BRDA:57,15,0,29
BRDA:57,16,0,21
BRDA:57,17,0,2
BRDA:58,18,0,27
BRDA:61,19,0,11
BRDA:62,20,0,13
BRDA:63,21,0,15
BRDA:64,22,0,16
BRDA:67,23,0,3
BRDA:70,24,0,2
BRDA:71,25,0,1
BRDA:73,26,0,2
BRDA:76,27,0,1
BRDA:77,28,0,0
BRDA:79,29,0,5
BRDA:84,30,0,27
BRDA:92,31,0,1
BRF:32
BRH:29
end_of_record
TN:
SF:tools/mac-archive-bridge/lib/render.mjs
FN:15,getChromium
FN:25,renderAvailable
FN:35,scheduleIdleClose
FN:42,closeBrowser
FN:49,getBrowser
FN:61,isFullDocument
FN:67,wrapReportDocument
FN:79,escapeAttr
FN:84,injectBase
FN:97,renderHtmlToPdf
FNF:10
FNH:9
FNDA:3,getChromium
FNDA:2,renderAvailable
FNDA:1,scheduleIdleClose
FNDA:1,closeBrowser
FNDA:1,getBrowser
FNDA:1,isFullDocument
FNDA:1,wrapReportDocument
FNDA:1,escapeAttr
FNDA:0,injectBase
FNDA:1,renderHtmlToPdf
DA:1,1
DA:2,1
DA:3,1
DA:4,1
DA:5,1
DA:6,1
DA:7,1
DA:8,1
DA:9,1
DA:10,1
DA:11,1
DA:12,1
DA:13,1
DA:14,1
DA:15,3
DA:16,3
DA:17,1
DA:18,1
DA:19,1
DA:20,1
DA:21,3
DA:22,3
DA:23,1
DA:24,1
DA:25,1
DA:26,2
DA:27,2
DA:28,2
DA:29,2
DA:30,2
DA:31,0
DA:32,0
DA:33,2
DA:34,1
DA:35,1
DA:36,1
DA:37,1
DA:38,0
DA:39,0
DA:40,1
DA:41,1
DA:42,1
DA:43,1
DA:44,1
DA:45,1
DA:46,1
DA:47,1
DA:48,1
DA:49,1
DA:50,1
DA:51,1
DA:52,1
DA:53,1
DA:54,1
DA:55,1
DA:56,1
DA:57,1
DA:58,1
DA:59,1
DA:60,1
DA:61,1
DA:62,1
DA:63,1
DA:64,1
DA:65,1
DA:66,1
DA:67,1
DA:68,1
DA:69,1
DA:70,1
DA:71,1
DA:72,1
DA:73,1
DA:74,1
DA:75,1
DA:76,1
DA:77,1
DA:78,1
DA:79,1
DA:80,1
DA:81,1
DA:82,1
DA:83,1
DA:84,0
DA:85,0
DA:86,0
DA:87,0
DA:88,0
DA:89,0
DA:90,1
DA:91,1
DA:92,1
DA:93,1
DA:94,1
DA:95,1
DA:96,1
DA:97,1
DA:98,1
DA:99,1
DA:100,1
DA:101,1
DA:102,1
DA:103,1
DA:104,1
DA:105,1
DA:106,1
DA:107,1
DA:108,1
DA:109,1
DA:110,1
DA:111,1
DA:112,1
DA:113,1
DA:114,1
DA:115,1
DA:116,1
DA:117,1
DA:118,0
DA:119,0
DA:120,0
DA:121,0
DA:122,0
DA:123,0
DA:124,0
DA:125,0
DA:126,1
DA:127,1
DA:128,1
DA:129,0
DA:130,0
DA:131,0
DA:132,1
DA:133,1
DA:134,1
DA:135,1
DA:136,1
DA:137,1
DA:138,1
DA:139,1
DA:140,1
DA:141,1
DA:142,1
DA:143,1
DA:144,1
DA:145,1
LF:145
LH:124
BRDA:1,0,0,1
BRDA:15,1,0,3
BRDA:16,2,0,1
BRDA:18,3,0,1
BRDA:25,4,0,2
BRDA:27,5,0,0
BRDA:30,6,0,0
BRDA:35,7,0,1
BRDA:36,8,0,0
BRDA:38,9,0,0
BRDA:42,10,0,1
BRDA:43,11,0,0
BRDA:49,12,0,1
BRDA:51,13,0,0
BRDA:52,14,0,0
BRDA:61,15,0,1
BRDA:62,16,0,0
BRDA:67,17,0,1
BRDA:68,18,0,0
BRDA:79,19,0,1
BRDA:97,20,0,1
BRDA:99,21,0,0
BRDA:100,22,0,0
BRDA:103,23,0,0
BRDA:108,24,0,0
BRF:25
BRH:12
end_of_record
